1043
119 89
118 88
117 87
116 86
115 86
114 86
113 86
112 86
111 87
110 88
109 89
108 90
107 91
106 92
105 93
104 94
103 95
102 96
101 97
100 98
99 99
98 100
97 101
96 102
95 102
94 102
93 102
92 101
91 100
91 99
91 98
91 97
91 96
91 95
91 94
91 93
91 92
91 91
91 90
91 89
91 88
91 87
91 86
90 85
89 84
88 83
87 82
86 81
85 80
84 79
83 78
82 77
81 76
80 75
79 74
78 73
77 72
76 71
75 71
74 71
73 71
72 71
71 70
71 69
71 68
71 67
71 66
71 65
71 64
71 63
71 62
71 61
71 60
71 59
71 58
71 57
71 56
70 55
69 54
68 53
67 52
66 51
65 50
64 49
63 48
62 47
61 46
60 45
59 44
58 43
57 42
56 41
55 40
54 39
53 38
52 38
51 39
50 40
49 41
48 42
48 43
48 44
48 45
48 46
48 47
48 48
48 49
47 50
46 49
45 48
44 47
43 46
42 45
41 44
40 43
39 42
38 41
37 42
36 42
35 42
34 42
33 42
32 42
31 42
39 40
39 41
48 50
48 51
47 52
46 53
45 54
44 55
43 56
42 57
41 58
40 59
39 60
38 61
37 62
36 62
35 62
34 62
33 62
32 62
31 62
30 62
29 62
28 62
48 52
48 53
48 54
48 55
48 56
48 57
48 58
48 59
48 60
48 61
48 62
48 63
48 64
48 65
47 66
46 67
45 68
44 69
43 70
42 71
41 72
40 73
39 74
38 75
37 76
36 77
35 78
34 79
33 80
32 81
31 82
30 83
29 83
28 83
53 37
54 36
54 35
54 34
54 33
54 32
54 31
54 30
55 31
56 32
57 33
58 34
59 34
60 34
61 34
62 34
63 34
64 34
65 34
71 71
70 72
69 73
68 74
67 75
66 76
65 77
64 78
63 79
62 80
61 81
60 82
59 83
58 84
57 85
56 86
55 86
54 86
53 86
52 86
51 86
72 72
72 73
72 74
72 75
72 76
72 77
72 78
72 79
72 80
72 81
72 82
72 83
72 84
72 85
72 86
92 85
93 84
93 83
93 82
93 81
93 80
93 79
93 78
93 77
93 76
93 75
93 74
93 73
93 72
93 71
92 70
92 69
92 68
92 67
92 66
92 65
92 64
92 63
92 62
92 61
92 60
92 59
92 58
92 57
92 56
93 55
93 54
93 53
93 52
93 51
93 50
92 49
91 48
90 47
89 46
88 45
87 44
86 43
86 42
86 41
86 40
86 39
86 38
86 37
86 36
86 35
86 34
94 49
95 48
96 47
97 46
98 45
99 44
100 43
101 42
102 41
103 40
104 39
105 38
106 37
107 36
107 35
107 34
94 70
95 69
96 68
97 67
98 66
99 65
100 65
101 65
102 65
103 65
104 65
105 65
106 65
107 65
108 65
109 65
110 65
111 65
112 64
112 63
112 62
112 61
112 60
112 59
112 58
112 57
112 56
112 55
112 65
92 103
92 104
92 105
92 106
92 107
92 108
93 109
93 110
93 111
93 112
93 113
93 114
93 115
93 116
93 117
93 118
93 119
93 120
93 121
93 122
93 123
92 124
91 125
90 126
90 127
90 128
90 129
90 130
90 131
90 132
90 133
90 134
90 135
90 136
90 137
90 138
90 139
90 140
90 141
89 142
88 141
87 140
86 139
85 138
84 137
83 136
82 135
81 134
80 133
79 132
78 131
77 130
76 129
75 128
74 127
73 126
72 125
71 124
70 124
69 125
68 126
67 127
66 128
65 129
64 130
63 131
62 132
61 133
60 134
59 135
58 136
57 137
56 138
55 139
54 140
53 139
52 138
51 137
50 136
49 135
48 134
47 133
46 132
45 131
44 130
43 129
42 129
41 128
40 127
39 126
38 126
37 126
36 126
35 126
34 126
33 126
32 125
31 126
30 125
29 125
28 125
32 126
33 124
34 123
35 122
36 121
37 120
38 119
39 118
40 117
41 116
42 115
43 114
44 113
45 112
46 111
47 110
48 109
48 108
48 107
47 106
46 105
45 104
44 104
43 104
42 104
41 104
40 104
39 104
38 104
37 104
36 104
35 104
34 104
33 104
32 104
31 104
30 104
29 104
28 104
45 129
46 128
47 128
48 128
55 140
55 141
55 142
55 143
56 142
57 143
58 143
59 143
60 143
61 143
62 143
63 143
64 143
65 143
66 143
67 143
68 143
69 143
71 123
71 122
71 121
71 120
71 119
71 118
71 117
71 116
71 115
71 114
71 113
71 112
71 111
71 110
71 109
71 108
72 123
90 142
90 143
91 143
94 124
95 125
96 126
97 127
98 128
99 129
100 130
101 131
102 132
103 133
104 134
105 135
106 136
107 137
108 138
109 139
110 140
111 141
112 142
112 143
119 91
118 92
117 93
116 94
115 95
114 96
113 97
112 98
112 99
112 100
112 101
112 102
112 103
112 104
112 105
112 106
112 107
112 108
112 109
112 110
112 111
112 112
112 113
112 114
112 115
112 116
112 117
112 118
112 119
112 120
112 121
112 122
121 90
121 91
122 90
123 90
124 90
125 90
126 90
127 90
128 90
129 90
130 89
131 88
132 87
133 86
133 85
133 84
133 83
133 82
133 81
133 80
133 79
133 78
133 77
133 76
133 75
134 74
135 73
136 72
136 71
136 70
136 69
136 68
136 67
136 66
136 65
136 64
136 63
136 62
136 61
136 60
136 59
136 58
136 57
136 56
137 71
138 71
139 71
140 72
141 73
142 74
143 75
144 76
145 77
146 78
147 79
148 80
149 81
150 82
151 83
152 84
153 85
154 86
155 86
156 86
157 86
158 86
159 86
159 87
158 88
158 89
158 90
158 91
158 92
158 93
158 94
158 95
158 96
158 97
158 98
158 99
158 100
158 101
158 102
157 103
157 104
157 105
157 106
157 107
157 108
158 109
158 110
158 111
158 112
158 113
158 114
158 115
158 116
158 117
158 118
158 119
158 120
158 121
158 122
158 123
159 124
160 125
161 126
162 127
163 128
164 129
165 130
166 131
167 132
168 133
169 134
170 135
171 136
172 137
173 138
173 139
173 140
173 141
172 142
172 143
174 140
175 139
176 139
177 139
178 139
179 139
180 139
181 138
182 137
183 136
184 135
185 134
186 133
187 132
188 131
189 131
190 131
191 130
190 129
189 128
188 127
187 126
186 125
185 124
184 123
183 122
182 121
181 120
181 119
181 118
191 131
192 131
193 130
194 129
195 128
196 127
197 126
198 126
199 126
200 126
201 126
202 126
203 126
204 125
204 124
204 123
204 122
204 121
204 120
204 119
204 118
204 117
204 116
204 115
205 114
205 113
205 112
205 111
205 110
205 109
205 108
205 107
205 106
205 105
204 104
204 103
204 102
204 101
204 100
204 99
204 98
204 97
204 96
204 95
204 94
205 93
204 126
205 126
160 86
160 85
160 84
160 83
160 82
160 81
160 80
160 79
160 78
160 77
160 76
160 75
160 74
160 73
159 72
158 71
158 70
158 69
158 68
158 67
158 66
158 65
158 64
158 63
158 62
158 61
158 60
158 59
158 58
158 57
157 56
158 55
158 54
158 53
158 52
158 51
158 50
157 49
156 48
155 47
154 46
153 45
152 44
151 43
150 42
149 41
149 40
149 39
149 38
149 37
149 36
149 35
148 34
147 34
146 34
145 34
144 34
143 34
142 34
141 34
140 34
139 34
138 34
137 34
136 34
135 34
134 34
133 34
132 34
131 34
130 34
129 34
128 34
149 34
159 49
160 48
161 47
162 46
163 45
164 44
165 43
166 42
167 41
168 40
169 39
170 38
170 37
170 36
170 35
170 34
171 33
172 32
173 31
174 30
175 30
176 31
177 32
178 33
179 34
180 35
181 36
182 37
183 38
184 39
185 40
186 41
185 42
184 43
183 44
182 45
181 46
181 47
181 48
181 49
181 50
181 51
181 52
181 53
181 54
181 55
187 40
188 40
189 40
190 40
191 40
192 40
193 41
194 42
195 43
196 44
197 45
198 46
199 47
200 48
201 49
202 50
203 51
204 52
205 51
205 53
205 54
205 55
205 56
205 57
205 58
205 59
205 60
205 61
205 62
205 63
205 64
205 65
205 66
205 67
205 68
205 69
205 70
205 71
205 72
204 73
161 85
162 84
163 83
164 82
165 81
166 80
167 79
168 78
169 77
170 76
171 76
172 76
173 76
174 76
175 76
176 76
177 76
178 76
179 76
180 76
181 76
161 87
162 88
163 89
164 90
165 91
166 92
167 93
168 94
169 95
170 96
171 97
172 97
173 97
174 97
175 97
176 97
177 97
178 97
179 97
180 97
181 97
122 92
123 93
124 94
125 95
126 96
127 97
128 98
129 99
130 100
131 101
132 102
133 103
134 104
135 105
136 106
136 107
136 108
136 109
136 110
136 111
136 112
136 113
136 114
136 115
136 116
136 117
136 118
136 119
136 120
136 121
136 122
136 123
135 124
134 125
133 126
133 127
133 128
133 129
133 130
133 131
133 132
133 133
133 134
133 135
133 136
133 137
133 138
133 139
133 140
133 141
133 142
133 143
134 143
135 143
136 143
137 143
138 143
139 143
140 143
141 143
142 143
143 143
144 143
145 143
146 143
147 143
148 143
149 143
150 143
151 143
137 123
84
65 34
71 56
71 108
86 34
92 56
92 108
107 34
128 34
136 56
136 108
149 34
157 56
157 108
170 34
181 55
181 76
181 97
181 118
204 52
204 73
204 94
204 115
112 143
172 143
51 86
48 128
112 86
69 143
90 143
133 143
48 51
48 107
112 55
112 107
151 143
28 62
28 83
28 104
28 125
93 71
93 123
158 71
158 123
71 71
71 123
136 71
136 123
72 86
133 86
154 86
192 131
91 86
112 122
48 65
186 41
112 65
31 42
205 126
55 141
52 38
160 86
180 139
205 51
175 30
205 72
205 93
91 143
72 71
72 123
93 50
93 102
137 71
137 123
158 50
158 102
42 129
205 105
39 40
192 40
55 143
54 30
44 130
173 141
31 126
