11485
332 270
331 270
330 270
329 270
328 270
327 270
326 270
325 269
324 268
323 267
322 266
321 265
320 264
319 263
318 262
317 262
316 262
315 262
314 262
313 262
312 262
311 262
310 262
309 262
308 262
307 262
306 262
305 262
304 262
303 262
302 262
301 262
300 262
299 262
298 262
297 262
296 263
295 264
294 264
293 264
292 264
291 264
290 264
289 264
288 264
287 264
286 263
285 262
284 261
283 260
282 259
281 258
280 257
279 257
278 257
277 257
276 257
275 257
274 257
273 257
272 257
271 257
270 257
269 257
268 257
267 257
266 256
265 257
264 256
263 255
262 254
261 253
260 252
259 251
258 250
257 249
256 248
255 247
254 246
253 245
252 244
251 243
250 242
249 242
248 242
247 242
246 242
245 242
244 242
243 242
242 242
241 242
240 242
239 242
238 242
237 242
236 242
235 242
249 243
248 244
247 245
246 246
245 247
244 248
243 249
242 250
241 251
240 252
239 253
238 254
237 255
236 256
235 257
234 256
233 255
232 254
231 253
230 252
229 251
228 250
227 249
226 248
225 247
224 246
223 245
222 244
221 243
220 242
233 257
232 257
231 257
230 257
229 257
228 257
227 257
226 257
225 257
224 257
223 257
222 257
221 257
220 257
219 256
218 255
217 254
216 253
215 252
214 251
213 251
212 251
211 251
210 251
209 251
208 251
207 251
206 251
205 251
219 258
218 259
217 260
216 261
215 262
214 263
213 264
212 265
211 266
210 266
209 266
208 266
207 266
206 266
205 266
234 257
250 243
250 244
250 245
250 246
250 247
250 248
250 249
250 250
250 251
250 252
250 253
250 254
250 255
250 256
250 257
250 241
250 240
250 239
250 238
250 237
250 236
250 235
250 234
250 233
251 232
252 231
253 230
254 229
255 228
256 227
256 226
256 225
256 224
256 223
256 222
256 221
256 220
256 219
256 218
256 217
256 216
256 215
256 214
256 213
255 212
254 212
253 212
252 212
251 212
250 212
249 212
248 212
247 212
246 212
245 212
244 212
243 212
242 212
241 212
240 212
239 213
238 214
237 215
236 216
235 217
234 218
233 219
232 220
231 221
230 222
229 223
228 224
227 225
226 226
226 227
254 213
253 214
252 215
251 216
250 217
249 218
248 219
247 220
246 221
245 222
244 223
243 224
242 225
241 226
241 227
255 211
255 210
255 209
255 208
255 207
255 206
255 205
255 204
255 203
255 202
255 201
255 200
256 199
257 198
256 197
255 197
254 197
253 197
252 197
251 197
250 197
249 197
248 197
247 197
246 197
245 197
244 197
243 197
242 197
241 197
240 197
239 197
238 197
237 197
236 197
235 197
234 197
233 197
232 197
231 197
230 197
229 197
228 197
227 197
226 197
225 197
224 197
223 197
222 197
221 197
220 197
219 197
218 197
217 197
216 197
215 197
214 197
213 197
212 197
211 197
210 197
209 197
208 197
207 197
206 197
205 197
204 197
203 197
202 197
201 197
200 197
199 197
198 197
197 196
196 195
195 194
194 193
193 192
192 191
191 191
190 191
189 191
188 191
187 191
186 191
185 191
184 191
183 190
183 189
183 188
183 187
183 186
183 185
183 184
183 183
183 182
183 181
184 180
185 180
186 180
187 180
188 180
189 180
190 180
191 180
192 180
193 180
194 181
195 181
196 181
197 181
198 181
199 181
200 181
201 181
202 181
203 181
204 181
197 198
196 199
195 200
195 201
195 202
195 203
195 204
195 205
194 206
193 206
192 206
191 206
190 206
189 206
188 206
187 206
186 206
185 206
184 206
183 206
194 207
193 208
192 209
191 210
190 211
189 212
188 213
187 214
186 215
185 216
184 217
183 218
182 219
181 220
180 221
179 222
178 223
177 224
176 225
175 226
174 227
173 228
172 228
171 228
170 228
169 228
168 228
167 228
166 228
165 227
164 226
163 225
162 224
162 223
162 222
162 221
162 220
162 219
162 218
162 217
162 216
162 215
162 214
162 213
161 212
160 211
159 210
158 209
157 208
156 207
155 206
154 205
153 204
152 203
151 202
150 202
149 201
148 202
147 203
147 204
147 205
147 206
147 207
147 208
147 209
147 210
147 211
146 212
145 211
144 210
143 209
142 208
141 207
140 206
139 205
138 204
137 203
136 203
135 203
134 203
133 203
132 203
147 212
147 213
146 214
145 215
144 216
143 217
142 218
141 219
140 220
139 221
138 222
137 223
136 224
136 225
135 226
134 227
133 228
132 229
131 230
130 231
129 232
128 233
127 232
126 231
125 230
124 229
123 228
122 227
121 226
121 225
121 224
121 223
121 222
120 221
119 221
118 221
117 221
116 221
115 221
114 221
113 221
112 221
111 221
110 221
109 221
108 221
107 221
106 221
105 221
104 221
103 221
102 221
101 221
100 221
99 221
98 221
97 221
96 221
95 221
94 221
93 221
92 221
91 221
91 222
91 223
91 224
91 225
91 226
91 227
91 228
91 229
91 230
91 231
91 232
91 233
91 234
121 220
121 221
127 234
126 235
125 236
124 236
123 236
122 236
121 236
120 236
119 236
118 236
117 236
116 236
115 236
114 236
113 236
149 202
150 200
151 199
152 198
153 198
154 198
155 198
156 198
157 198
158 198
159 198
160 198
161 197
160 196
159 195
158 194
157 193
156 192
155 191
154 190
153 189
152 188
152 187
152 186
151 185
150 184
149 184
148 184
147 184
146 184
145 184
144 184
143 184
142 184
141 184
140 184
139 184
138 184
137 184
136 183
135 183
134 183
133 183
132 183
131 183
130 183
129 183
128 183
127 183
126 183
125 183
124 183
123 183
122 183
121 183
120 183
119 183
118 183
117 183
116 183
115 183
114 183
113 183
112 183
111 183
110 183
109 182
108 181
107 180
106 179
105 178
104 177
104 176
104 175
104 174
104 173
104 172
104 171
104 170
104 169
103 168
102 167
101 166
100 165
99 164
98 163
97 162
96 161
95 160
94 160
93 160
92 160
91 160
90 160
89 160
88 160
87 160
105 168
106 167
106 166
106 165
106 164
106 163
106 162
106 161
106 160
106 159
105 158
104 157
104 156
104 155
104 154
104 153
104 152
104 151
104 150
104 149
104 148
104 147
104 146
104 145
104 144
103 143
102 142
101 141
100 140
100 139
100 138
100 137
100 136
100 135
100 134
100 133
100 132
99 131
98 132
97 133
96 134
95 135
94 136
93 137
92 138
91 139
90 140
89 141
88 142
87 143
86 142
85 141
84 140
83 139
82 138
81 137
80 137
79 137
78 137
77 137
76 137
75 137
74 137
73 137
72 137
71 137
70 138
69 139
68 140
67 141
67 142
67 143
67 144
67 145
67 146
67 147
67 148
67 149
67 150
67 151
67 152
66 153
65 154
64 155
63 156
62 157
61 158
60 158
59 158
58 158
57 158
56 158
55 158
54 157
53 156
53 155
53 154
53 153
53 152
53 151
53 150
52 149
51 150
50 151
49 152
48 153
47 154
46 155
45 156
44 157
43 158
42 158
41 158
40 158
39 158
38 158
53 148
53 149
100 130
100 131
107 160
108 161
109 162
110 163
111 164
112 165
113 166
114 167
115 167
116 167
117 167
118 167
119 167
120 166
121 165
121 164
121 163
121 162
121 161
121 160
121 159
121 158
121 157
121 156
121 155
121 154
120 153
119 152
119 151
119 150
119 149
119 148
119 147
119 146
119 145
119 144
119 143
119 142
119 141
119 140
119 139
118 138
117 137
117 136
117 135
117 134
117 133
117 132
117 131
117 130
117 129
117 128
117 127
117 126
117 125
117 124
116 123
115 122
114 121
113 120
112 119
111 118
110 117
109 116
108 115
107 114
107 113
107 112
107 111
107 110
107 109
118 123
119 122
120 121
121 120
122 120
123 120
124 120
125 120
126 119
125 118
124 117
123 116
122 115
122 114
122 113
122 112
122 111
122 110
122 109
122 108
122 107
122 106
122 105
126 120
127 120
128 119
129 118
130 117
131 116
132 115
133 114
134 113
135 112
136 111
137 110
138 109
139 108
140 107
141 107
142 107
143 107
143 108
143 109
143 110
143 111
143 112
143 113
143 114
143 115
143 116
143 117
143 118
143 119
143 120
143 121
143 122
144 108
144 107
145 107
146 107
147 107
148 107
149 107
150 107
151 107
152 107
153 107
154 107
155 107
156 107
157 107
158 107
145 109
146 110
147 111
148 112
149 113
150 114
151 115
152 116
153 117
154 118
155 119
156 120
157 121
158 122
159 121
159 122
160 122
161 122
162 122
163 122
164 122
165 122
166 122
167 122
168 122
169 122
170 122
171 122
172 122
173 122
160 120
161 119
162 118
163 117
164 116
165 115
166 114
167 113
168 112
169 111
170 110
171 109
172 108
173 107
174 107
174 108
175 107
176 107
177 107
178 107
179 107
180 107
181 107
182 107
183 107
184 107
185 107
186 107
187 107
188 107
189 107
189 108
190 107
191 107
192 107
193 107
194 107
195 107
196 107
197 107
198 107
199 107
200 107
201 107
202 107
203 107
204 107
204 108
205 107
206 107
207 107
208 107
209 107
210 107
211 107
212 107
213 107
214 107
215 107
216 107
217 107
218 107
219 107
219 108
220 107
221 107
222 107
223 107
224 107
225 107
226 107
227 107
228 107
229 107
230 107
231 107
232 107
233 107
220 109
221 110
222 111
223 112
224 113
225 114
226 115
227 116
228 117
229 118
230 119
231 120
232 121
233 122
234 121
234 122
235 122
236 122
237 122
238 122
239 122
240 122
241 122
242 122
243 122
244 122
245 122
246 122
247 122
248 122
249 121
249 122
250 122
251 122
252 122
253 122
254 122
255 122
256 122
257 122
258 122
259 122
260 122
261 122
262 122
263 122
250 120
251 119
252 118
253 117
254 116
255 115
256 114
257 113
258 112
259 111
260 110
261 109
262 108
263 107
264 107
264 108
265 107
266 107
267 107
268 107
269 107
270 107
271 107
272 107
273 107
274 107
275 107
276 107
277 107
278 107
265 109
266 110
267 111
268 112
269 113
270 114
271 115
272 116
273 117
274 118
275 119
276 120
277 121
278 122
235 120
236 119
237 118
238 117
239 116
240 115
241 114
242 113
243 112
244 111
245 110
246 109
247 108
248 107
205 109
206 110
207 111
208 112
209 113
210 114
211 115
212 116
213 117
214 118
215 119
216 120
217 121
218 122
190 109
191 110
192 111
193 112
194 113
195 114
196 115
197 116
198 117
199 118
200 119
201 120
202 121
203 122
175 109
176 110
177 111
178 112
179 113
180 114
181 115
182 116
183 117
184 118
185 119
186 120
187 121
188 122
122 153
123 152
124 151
125 150
126 149
127 148
128 147
129 146
130 146
131 146
132 146
133 146
134 146
122 155
123 156
124 157
125 158
126 159
127 160
128 161
129 162
130 163
131 164
132 165
133 166
134 167
109 184
108 184
107 184
106 184
105 184
104 184
103 184
102 184
101 184
100 184
99 184
98 184
97 184
96 184
95 184
94 183
93 183
92 183
91 183
90 183
89 183
88 183
87 183
86 183
85 183
84 183
83 183
82 183
81 183
80 183
79 183
78 183
77 183
76 183
75 183
74 183
73 183
72 183
71 183
70 183
69 183
68 183
67 183
66 183
65 183
64 183
63 183
62 183
61 183
60 183
59 183
58 183
57 183
56 183
55 183
54 183
53 183
52 183
51 183
50 183
79 184
78 185
77 186
76 187
75 188
74 189
73 190
72 191
72 192
72 193
72 194
72 195
72 196
72 197
72 198
71 199
70 200
69 200
68 200
67 200
66 200
65 200
64 200
63 200
62 200
61 201
60 202
59 203
58 204
57 205
56 206
55 207
54 207
53 207
52 207
51 207
50 207
49 207
48 206
47 205
46 204
45 203
44 202
43 201
42 200
41 200
40 200
39 200
38 200
37 200
36 200
35 200
34 201
33 202
32 203
31 204
30 205
29 206
28 207
27 208
26 209
25 210
24 211
23 212
22 213
21 214
20 213
20 212
20 211
20 210
20 209
19 208
18 207
17 206
16 205
15 204
14 203
14 202
14 201
14 200
14 199
14 198
14 197
14 196
14 195
14 194
15 193
16 192
17 191
18 190
19 189
20 188
21 187
22 186
23 185
23 184
23 183
23 182
24 181
25 180
26 179
27 178
28 177
29 176
30 175
31 175
22 214
22 215
23 215
24 215
25 215
26 215
27 215
28 215
29 215
30 215
31 215
32 215
33 215
34 215
63 201
64 202
65 203
66 204
67 205
68 206
69 207
70 208
71 209
72 210
72 211
72 212
72 213
72 214
72 215
72 216
72 217
72 218
72 219
72 220
72 221
72 222
72 223
72 224
72 225
72 226
72 227
72 228
72 229
71 230
70 231
69 232
68 233
67 234
66 234
65 234
64 234
63 234
62 234
61 234
60 234
61 235
62 236
63 237
64 238
65 239
66 240
67 241
68 242
69 243
70 244
71 244
71 245
70 246
69 247
68 248
67 249
66 250
65 251
64 252
63 253
62 253
61 253
60 253
59 254
58 255
57 256
56 257
56 258
56 259
56 260
56 261
56 262
56 263
56 264
56 265
56 266
56 267
56 268
61 254
62 255
63 256
64 257
65 258
66 259
67 260
68 261
69 262
70 263
71 264
72 265
73 266
73 267
73 268
72 244
96 185
97 186
98 187
99 188
100 189
101 190
102 191
102 192
102 193
102 194
102 195
102 196
102 197
102 198
102 199
102 200
102 201
102 202
161 198
162 198
163 197
164 196
165 195
166 194
167 193
167 192
167 191
167 190
167 189
167 188
167 187
167 186
166 185
165 184
164 183
164 182
164 181
164 180
164 179
164 178
164 177
164 176
163 175
162 174
161 173
160 172
159 171
158 170
157 169
156 168
156 167
156 166
156 165
156 164
156 163
156 162
156 161
157 160
158 159
159 158
160 157
161 157
162 157
163 157
164 156
163 155
162 154
161 153
160 152
159 151
158 150
157 149
156 148
156 147
156 146
157 145
158 144
159 143
160 142
161 142
162 142
163 142
164 142
165 142
166 142
167 142
168 142
169 142
170 142
171 142
172 142
173 142
174 142
175 142
176 142
177 142
178 142
179 142
180 142
181 142
182 142
183 142
184 143
185 143
186 143
187 143
188 143
189 143
190 143
191 143
192 143
193 143
194 143
195 143
195 144
194 145
193 146
192 147
191 148
190 149
189 150
188 151
187 152
186 153
185 154
184 155
183 156
183 157
184 158
185 159
186 159
187 159
188 159
189 159
190 159
191 159
192 159
193 159
194 159
195 159
196 159
197 159
198 159
196 143
197 143
198 143
199 143
200 143
201 143
202 143
203 143
204 143
205 143
206 143
207 143
208 143
209 143
210 143
211 143
212 143
213 143
214 143
215 143
216 143
217 143
218 143
219 143
220 143
221 143
222 143
223 143
224 143
225 143
226 143
227 143
228 143
229 143
230 143
231 143
232 143
233 142
234 142
235 142
236 142
237 142
238 142
239 142
240 142
241 142
242 142
243 142
244 142
245 143
246 143
247 143
248 143
249 143
250 143
251 143
252 143
253 143
254 143
255 143
256 143
257 143
258 143
259 144
260 145
261 146
262 147
263 148
264 149
265 150
266 151
267 152
268 153
269 154
270 155
271 156
272 157
273 158
272 159
271 159
270 159
269 159
268 159
267 159
266 159
265 159
264 159
263 159
262 159
261 159
260 159
259 159
258 159
257 159
256 159
255 159
254 159
253 159
252 159
251 159
250 159
249 159
248 159
247 159
246 159
245 159
244 159
243 159
242 159
241 159
240 159
239 159
238 159
237 159
236 159
235 159
234 159
233 159
232 159
231 159
230 159
229 159
228 159
227 159
226 159
225 159
224 159
223 159
222 159
221 159
220 159
219 159
218 159
217 159
216 159
215 159
214 159
213 159
274 157
274 156
274 155
274 154
274 153
274 152
274 151
274 150
274 149
274 148
274 147
274 146
274 145
274 144
274 143
275 142
276 142
277 142
278 142
279 142
280 142
281 142
282 142
274 159
275 160
276 161
277 162
278 162
279 162
280 162
281 162
281 163
280 164
279 165
278 166
277 167
276 168
275 169
274 170
273 171
272 172
271 173
270 174
269 174
268 174
267 175
266 176
265 177
264 178
263 179
262 180
261 181
269 175
270 176
271 177
272 178
273 179
274 180
275 181
276 182
277 182
278 182
279 182
280 182
281 182
282 182
282 162
164 157
165 157
164 228
163 228
162 228
161 228
160 228
159 228
158 228
157 228
156 228
155 228
154 228
153 228
152 228
151 228
165 228
165 229
164 230
163 231
162 232
161 233
160 234
159 235
158 236
157 237
156 238
155 239
155 240
155 241
155 242
155 243
181 222
181 223
181 224
181 225
181 226
181 227
181 228
181 229
181 230
181 231
181 232
181 233
181 234
181 235
181 236
195 206
195 207
195 208
195 209
195 210
195 211
195 212
195 213
195 214
195 215
195 216
195 217
195 218
195 219
195 220
195 221
212 198
211 199
210 200
210 201
210 202
210 203
210 204
210 205
210 206
210 207
210 208
210 209
210 210
210 211
210 212
227 198
226 199
225 200
225 201
225 202
225 203
225 204
225 205
225 206
225 207
225 208
225 209
225 210
225 211
225 212
224 213
223 214
222 215
221 216
220 217
219 218
218 219
217 220
216 221
215 222
214 223
213 224
212 225
211 226
211 227
257 196
256 195
255 194
254 193
253 192
252 191
251 190
250 189
249 188
248 187
247 186
246 185
245 184
245 183
245 182
244 181
243 181
242 181
241 181
240 181
239 181
238 181
237 181
236 181
235 181
234 181
233 181
232 181
231 181
230 181
229 181
228 181
227 181
226 181
225 181
224 181
223 181
222 181
221 181
245 181
257 197
258 197
259 197
260 197
261 197
262 197
263 197
264 197
265 197
266 197
267 197
268 197
269 197
270 197
271 197
272 197
273 197
274 197
275 197
276 198
277 199
278 200
279 201
280 202
281 203
282 204
283 205
284 206
285 207
284 208
283 209
282 210
282 211
282 212
282 213
282 214
282 215
282 216
282 217
282 218
282 219
282 220
281 221
280 220
279 219
278 218
277 217
276 216
275 215
274 214
273 213
272 212
271 212
270 212
282 221
282 222
281 223
280 224
279 225
278 226
277 227
276 227
275 227
274 227
273 227
272 227
271 227
283 223
284 224
285 225
286 226
287 227
288 228
289 229
290 230
291 231
292 232
293 233
294 234
295 234
295 235
295 236
295 237
295 238
295 239
295 240
295 241
295 242
295 243
295 244
295 245
295 246
295 247
295 248
295 249
296 235
297 236
298 237
299 238
300 239
301 240
302 241
303 242
304 243
305 244
306 245
307 246
308 247
309 247
310 247
296 233
297 232
298 232
299 232
300 232
301 232
302 232
303 232
304 232
305 232
306 232
307 232
308 232
309 232
310 232
286 207
287 207
288 207
289 207
290 207
291 207
292 207
293 206
294 205
295 204
296 203
297 202
298 201
299 200
300 199
300 198
300 197
300 196
300 195
300 194
300 193
300 192
300 191
300 190
300 189
300 188
300 187
300 186
300 185
300 184
300 183
300 182
300 181
300 180
300 179
300 178
300 177
300 176
300 175
300 174
300 173
300 172
300 171
300 170
300 169
300 168
300 167
300 166
300 165
300 164
300 163
300 162
300 161
300 160
300 159
300 158
300 157
300 156
300 155
300 154
300 153
300 152
300 151
300 150
300 149
300 148
300 147
300 146
300 145
300 144
300 143
300 142
300 141
300 140
300 139
300 138
300 137
300 136
300 135
300 134
300 133
300 132
300 131
300 130
301 129
302 128
303 127
304 126
304 125
304 124
304 123
304 122
304 121
304 120
304 119
304 118
304 117
304 116
304 115
304 114
303 113
302 112
301 111
301 110
301 109
301 108
301 107
301 106
301 105
301 104
301 103
301 102
301 101
301 100
301 99
301 98
300 97
299 96
299 95
299 94
299 93
299 92
299 91
299 90
299 89
299 88
299 87
300 86
301 86
301 87
302 86
303 86
304 86
305 86
306 85
307 84
308 83
309 82
310 81
311 80
312 79
312 78
312 77
312 76
312 75
312 74
312 73
312 72
312 71
312 70
312 69
312 68
311 67
310 66
309 65
308 64
307 65
306 66
305 67
304 68
303 69
302 70
301 71
300 71
299 71
298 71
297 71
296 71
295 71
294 71
293 71
309 64
310 64
311 64
312 64
313 64
314 64
315 64
316 64
317 63
318 62
319 61
318 60
317 59
316 58
315 57
314 56
313 55
313 54
313 53
313 52
313 51
313 50
312 49
311 49
310 49
309 49
308 49
307 49
306 49
305 49
304 49
303 49
302 49
301 49
300 48
299 47
298 46
297 45
296 44
295 43
294 42
293 41
292 41
300 50
299 51
298 52
297 53
296 54
295 55
294 56
293 56
292 56
291 56
290 56
289 56
288 56
287 56
286 56
313 49
320 61
321 61
322 61
323 61
324 61
325 61
326 61
327 61
328 61
329 60
330 59
331 58
332 57
333 56
333 57
333 58
333 59
333 60
333 61
333 62
333 63
333 64
333 65
333 66
334 67
335 68
336 69
337 70
338 71
338 72
338 73
338 74
338 75
338 76
338 77
338 78
338 79
338 80
338 81
339 82
340 83
341 82
341 83
342 83
343 83
344 83
345 83
346 83
347 83
348 83
349 83
350 83
351 83
352 83
353 84
353 85
353 86
353 87
353 88
353 89
353 90
353 91
353 92
353 93
353 94
353 95
353 96
353 97
353 98
353 99
353 100
353 101
353 102
353 103
353 104
353 105
352 106
351 107
350 108
349 109
348 110
347 111
346 112
345 113
344 114
343 115
342 116
341 117
340 118
339 119
338 120
337 121
336 122
335 123
334 124
333 125
332 125
331 124
331 123
331 122
331 121
331 120
331 119
331 118
331 117
331 116
331 115
331 114
331 113
331 112
346 113
346 114
346 115
346 116
346 117
346 118
346 119
346 120
346 121
346 122
346 123
347 124
348 125
349 125
350 124
351 123
352 122
353 121
354 120
355 119
356 118
357 117
358 116
359 115
360 114
361 113
361 114
361 115
361 116
361 117
361 118
361 119
361 120
361 121
361 122
361 123
362 124
363 125
364 125
365 125
366 124
367 123
368 122
369 121
370 120
371 119
372 118
373 117
374 116
375 115
376 114
376 115
376 116
376 117
376 118
376 119
376 120
376 121
376 122
376 123
377 124
378 125
379 125
380 125
381 125
382 125
383 125
384 125
385 125
386 125
387 125
388 124
388 123
388 122
388 121
388 120
388 119
388 118
388 117
389 116
390 115
391 114
392 114
393 115
394 116
395 117
396 118
397 119
398 120
399 121
400 122
401 123
402 124
403 123
403 122
403 121
403 120
403 119
403 118
403 117
404 116
405 115
406 114
406 113
406 112
406 111
406 110
406 109
406 108
406 107
406 106
406 105
406 104
406 103
405 102
404 101
403 100
402 99
401 98
400 97
399 96
398 95
397 94
396 93
396 92
396 91
396 90
395 89
394 90
393 91
392 92
391 93
391 94
391 95
391 96
391 97
391 98
391 99
396 88
396 87
396 86
396 85
396 84
396 83
396 82
396 81
396 80
396 79
396 78
396 77
396 76
396 75
396 74
396 73
395 72
394 71
394 70
394 69
394 68
394 67
394 66
394 65
394 64
394 63
394 62
394 61
394 60
393 59
392 60
391 61
390 62
389 63
388 64
387 65
386 65
385 65
384 65
383 65
382 65
381 65
380 65
379 65
378 64
378 63
378 62
378 61
378 60
378 59
378 58
378 57
378 56
378 55
378 54
378 53
378 66
377 66
376 66
375 66
374 66
373 66
372 66
371 66
370 66
369 66
368 66
367 65
366 64
365 63
364 62
363 61
363 60
363 59
363 58
363 57
363 56
363 55
363 54
363 53
363 52
363 51
394 58
394 59
397 72
398 71
399 70
400 69
401 68
402 67
403 66
404 65
405 65
406 65
407 65
408 65
409 65
410 65
411 65
412 64
413 63
414 62
415 61
416 60
417 59
418 58
419 57
420 56
421 55
422 54
421 53
420 52
419 51
418 50
417 50
416 50
415 50
414 50
413 50
412 50
411 50
410 50
409 50
412 66
413 67
414 68
415 69
416 69
417 69
418 69
419 69
420 69
421 69
421 70
420 71
419 72
418 73
417 74
416 75
415 76
414 77
413 78
412 79
411 80
422 69
396 89
407 103
408 103
409 103
410 103
411 103
412 103
413 103
414 103
415 103
416 103
417 103
418 104
419 105
420 106
421 107
422 107
423 107
424 107
425 107
426 107
427 107
428 107
429 107
430 107
431 107
432 107
433 107
434 107
435 107
435 108
434 109
433 110
432 111
432 112
432 113
432 114
432 115
432 116
432 117
432 118
432 119
432 120
432 121
432 122
436 107
437 107
438 107
439 107
440 107
441 107
442 107
443 107
444 107
445 107
446 107
447 107
448 107
449 107
450 107
450 108
449 109
448 110
447 111
447 112
447 113
447 114
447 115
447 116
447 117
447 118
447 119
447 120
447 121
447 122
451 107
452 107
453 107
454 107
455 107
456 107
457 107
458 107
459 107
460 107
461 107
462 107
463 107
464 107
465 107
465 108
464 109
463 110
462 111
462 112
462 113
462 114
462 115
462 116
462 117
462 118
462 119
462 120
462 121
462 122
466 107
467 107
468 107
469 107
470 107
471 107
472 107
473 107
474 107
475 107
476 107
477 107
478 107
479 107
480 107
480 108
479 109
478 110
477 111
477 112
477 113
477 114
477 115
477 116
477 117
477 118
477 119
477 120
477 121
477 122
481 107
482 107
483 107
484 107
485 107
486 107
487 107
488 107
489 107
490 107
491 107
492 107
493 107
494 107
495 107
495 108
494 109
493 110
492 111
492 112
492 113
492 114
492 115
492 116
492 117
492 118
492 119
492 120
492 121
492 122
496 107
497 107
498 107
499 107
500 107
501 107
502 107
503 107
504 107
505 107
506 107
507 107
508 107
509 107
510 107
510 108
509 109
508 110
507 111
507 112
507 113
507 114
507 115
507 116
507 117
507 118
507 119
507 120
507 121
507 122
511 107
512 107
513 107
514 107
515 107
516 107
517 107
518 107
519 107
520 107
521 107
522 107
523 107
524 107
525 107
525 108
524 109
523 110
522 111
522 112
522 113
522 114
522 115
522 116
522 117
522 118
522 119
522 120
522 121
522 122
526 107
527 107
528 107
529 107
530 107
531 107
532 107
533 107
534 107
535 107
536 107
537 107
538 107
539 107
540 107
540 108
539 109
538 110
537 111
537 112
537 113
537 114
537 115
537 116
537 117
537 118
537 119
537 120
537 121
537 122
538 123
539 124
540 125
541 126
542 127
543 128
544 129
544 130
544 131
544 132
544 133
544 134
544 135
544 136
544 137
541 107
542 107
543 107
544 107
545 107
546 107
547 107
548 107
549 107
550 107
551 107
552 107
553 107
554 107
555 107
555 108
554 109
553 110
552 111
552 112
552 113
552 114
552 115
552 116
552 117
552 118
552 119
552 120
552 121
552 122
556 107
557 107
558 107
559 107
560 107
561 107
562 107
563 107
564 107
565 107
566 107
567 107
568 107
569 107
570 107
571 107
571 108
571 109
571 110
571 111
571 112
571 113
572 114
573 115
574 116
575 117
576 118
577 119
578 120
579 121
580 122
580 123
580 124
580 125
580 126
580 127
580 128
580 129
580 130
580 131
580 132
580 133
580 134
581 135
581 136
581 137
581 138
581 139
581 140
581 141
581 142
581 143
581 144
581 145
581 146
581 147
580 148
579 149
578 150
578 151
578 152
578 153
578 154
578 155
578 156
578 157
578 158
578 159
578 160
578 161
578 162
578 163
578 164
578 165
578 166
578 167
578 168
578 169
578 170
578 171
578 172
578 173
578 174
578 175
578 176
578 177
579 178
580 179
581 180
581 181
581 182
581 183
581 184
581 185
581 186
581 187
581 188
582 189
583 190
584 191
585 192
586 193
587 194
586 195
585 195
584 195
583 195
582 195
581 195
580 195
579 195
578 195
577 195
576 195
575 195
574 196
573 197
573 198
573 199
573 200
573 201
573 202
573 203
573 204
573 205
573 206
573 207
573 208
573 209
574 210
575 211
576 212
576 213
576 214
576 215
576 216
576 217
576 218
576 219
576 220
576 221
576 222
576 223
576 224
576 225
576 226
576 227
577 227
578 227
579 228
580 229
581 230
582 231
583 232
584 233
585 234
586 235
587 236
588 237
589 238
590 239
591 240
592 240
593 240
594 241
595 242
596 243
597 244
598 245
599 246
600 247
601 248
600 249
599 249
598 249
597 249
596 250
595 251
594 252
593 253
592 254
591 255
590 254
589 253
588 252
587 251
586 250
585 249
584 248
583 247
582 246
581 245
580 244
579 243
578 242
577 242
576 242
591 256
592 257
593 258
594 259
595 260
596 261
597 262
598 263
599 264
600 265
601 266
602 267
603 268
604 269
603 270
602 270
601 270
600 270
599 270
598 270
597 270
596 270
595 270
594 270
593 270
592 270
591 271
590 272
589 271
588 270
587 269
586 268
585 267
584 266
583 265
582 264
581 263
580 262
579 261
578 260
577 259
576 258
576 257
588 272
587 272
586 272
585 272
584 272
583 272
582 272
581 272
580 272
579 272
578 272
577 273
576 274
575 275
575 276
575 277
575 278
575 279
575 280
575 281
575 282
575 283
575 284
575 285
575 286
575 287
575 288
575 289
575 290
575 291
575 292
575 293
575 294
575 295
575 296
575 297
575 298
575 299
575 300
575 301
575 302
575 303
575 304
575 305
576 305
577 305
578 305
579 306
580 307
581 308
582 309
583 310
584 311
585 312
586 313
587 314
588 315
589 316
590 315
590 314
590 313
590 312
590 311
590 310
590 309
590 308
590 307
590 306
590 305
590 304
590 303
590 302
590 316
590 317
589 318
588 319
587 320
586 320
585 320
584 320
583 320
582 320
581 320
580 320
579 320
578 320
577 320
576 320
575 320
574 321
574 322
574 323
574 324
574 325
574 326
574 327
574 328
574 329
574 330
574 331
574 332
574 333
591 316
591 317
592 317
593 317
594 318
595 319
596 320
597 321
598 322
599 323
600 324
601 325
602 326
601 327
600 328
599 329
598 330
597 331
596 332
595 333
594 334
593 335
592 335
591 335
590 335
589 335
588 336
587 337
586 338
585 339
584 340
583 341
582 342
581 343
580 344
579 345
578 346
577 347
576 348
575 348
574 348
602 327
602 328
602 329
602 330
602 331
602 332
603 333
604 334
605 335
606 336
607 337
608 338
609 339
610 340
609 341
608 341
607 341
606 341
605 341
604 342
603 343
602 344
601 345
600 346
599 347
598 348
597 349
596 350
596 351
596 352
596 353
596 354
596 355
596 356
596 357
596 358
596 359
596 360
596 361
596 362
596 363
596 364
597 365
597 366
597 367
597 368
597 369
597 370
597 371
597 372
597 373
597 374
596 375
595 376
594 377
593 378
592 377
591 376
590 375
589 374
588 373
587 372
586 371
585 370
584 369
583 368
582 367
581 366
581 365
581 364
581 363
592 379
591 380
590 381
589 382
588 383
587 384
586 385
585 386
584 387
583 388
582 389
581 390
580 391
579 392
578 391
578 390
578 389
578 388
578 387
578 386
578 385
578 384
578 383
578 382
578 381
578 380
578 379
578 378
578 392
578 393
578 394
578 395
578 396
578 397
578 398
578 399
578 400
578 401
578 402
578 403
578 404
578 405
579 406
580 407
581 408
581 409
581 410
581 411
581 412
581 413
581 414
582 415
583 416
584 417
585 418
586 419
587 420
588 421
589 422
590 423
591 422
591 423
592 423
593 423
594 423
595 423
596 423
597 423
598 423
599 424
600 425
601 426
602 427
603 428
604 429
604 430
604 431
604 432
604 433
604 434
604 435
604 436
604 437
604 438
603 439
602 439
601 439
600 439
599 439
598 439
597 439
596 439
595 439
594 439
593 439
592 439
591 439
590 438
589 438
588 438
587 438
586 438
585 438
584 439
583 440
582 441
581 442
580 443
579 442
579 441
579 440
579 439
579 438
579 437
579 436
579 435
579 434
578 433
577 432
576 431
575 430
574 430
573 430
572 430
571 430
570 430
569 430
568 430
567 430
566 430
565 430
564 430
563 430
562 430
561 430
560 430
559 430
558 430
557 430
556 430
555 430
554 430
553 430
552 430
551 430
550 431
549 432
548 433
547 434
546 435
545 436
544 436
543 436
542 436
541 436
540 436
539 436
538 436
537 436
536 436
535 436
534 436
533 436
532 436
531 435
530 436
529 435
528 434
527 433
526 432
525 431
524 430
523 429
522 428
521 427
520 426
519 425
518 424
517 423
516 422
515 421
514 421
513 421
512 421
511 421
510 421
509 421
508 421
507 421
506 421
505 421
504 421
503 421
502 421
501 421
500 421
499 420
498 420
497 420
496 420
495 420
494 420
493 420
492 420
491 420
490 420
489 420
488 420
487 420
486 420
485 420
499 422
498 423
497 424
496 425
495 426
494 427
493 428
492 429
491 430
490 431
489 432
488 433
487 434
486 435
485 435
484 434
483 433
482 432
481 431
480 430
479 429
478 428
477 427
476 426
475 425
474 424
473 423
472 422
471 421
470 420
469 420
468 420
467 420
466 420
465 420
464 420
463 420
462 420
461 420
460 420
459 420
458 420
457 420
456 420
455 420
454 421
453 422
452 423
451 424
450 425
449 426
448 427
447 428
446 429
445 430
444 431
443 432
442 433
441 434
440 435
439 434
438 433
437 432
436 431
435 430
434 429
433 428
432 427
431 426
430 425
429 424
428 423
427 422
426 421
425 422
426 422
427 420
428 419
429 418
430 417
431 416
431 415
431 414
431 413
431 412
431 411
431 410
431 409
431 408
431 407
430 406
430 405
430 404
430 403
430 402
430 401
430 400
430 399
430 398
430 397
430 396
430 395
430 394
432 406
433 405
434 404
435 403
436 403
437 403
438 403
439 403
440 403
441 403
442 403
443 403
444 402
445 401
446 400
447 399
448 399
449 399
450 399
451 399
452 399
453 399
454 398
453 397
452 396
451 395
450 394
449 393
448 392
447 391
446 390
445 389
444 388
443 388
442 387
441 386
440 385
439 384
438 383
437 382
436 381
435 380
434 379
433 378
432 379
433 379
434 377
435 376
436 375
437 374
438 373
439 373
440 373
441 373
442 372
441 371
440 370
439 369
438 368
437 367
436 366
435 365
434 364
433 363
433 362
433 361
433 360
433 359
433 358
432 357
431 356
430 355
429 354
428 353
427 352
426 351
425 350
424 349
423 348
422 347
422 346
422 345
421 344
420 344
419 344
418 344
417 344
416 344
415 344
414 344
413 344
412 344
411 344
410 344
409 344
408 344
407 344
406 345
405 346
404 347
403 348
402 349
401 350
400 351
399 352
398 353
397 354
396 354
395 354
394 354
393 354
392 354
391 355
390 356
390 357
390 358
390 359
390 360
390 361
390 362
390 363
390 364
390 365
390 366
390 367
389 368
388 367
387 366
386 365
385 364
384 363
383 362
382 361
381 360
380 359
379 359
378 359
377 359
390 368
390 369
389 370
388 371
387 372
386 373
385 374
384 374
383 374
382 374
381 374
380 374
379 374
378 374
377 374
376 373
375 372
374 371
373 370
372 369
371 368
370 367
369 366
368 365
367 364
366 363
365 362
364 361
363 361
362 361
361 362
360 362
359 362
358 362
357 362
356 362
355 362
354 362
353 362
352 362
351 362
350 362
349 362
348 362
347 362
346 363
345 364
344 365
343 366
342 367
341 368
340 369
339 370
338 371
337 372
337 373
337 374
337 375
336 376
335 375
334 374
333 373
332 372
332 371
332 370
332 369
332 368
332 367
332 366
332 365
331 364
330 365
329 366
328 367
327 368
326 368
325 368
324 368
323 368
322 368
321 368
320 369
319 370
318 371
317 372
316 373
315 374
314 375
313 376
312 377
311 378
310 379
309 380
308 381
307 382
306 382
305 381
304 380
303 379
303 378
303 377
303 376
303 375
303 374
303 373
303 372
303 371
303 370
303 369
305 383
304 384
303 385
303 386
303 387
303 388
303 389
303 390
303 391
303 392
303 393
303 394
303 395
303 396
303 397
332 363
332 364
337 376
337 377
336 378
335 379
334 380
333 381
332 382
331 383
331 384
331 385
331 386
331 387
331 388
331 389
331 390
331 391
331 392
331 393
331 394
332 395
333 396
334 397
335 398
335 399
376 375
375 376
374 376
373 376
372 376
371 376
370 376
369 376
368 376
367 377
366 377
365 377
364 377
363 377
362 377
361 377
360 377
359 377
358 377
357 377
356 377
355 377
354 377
353 377
353 378
353 379
353 380
353 381
353 382
353 383
353 384
353 385
353 386
353 387
353 388
353 389
353 390
353 391
353 392
353 393
353 394
353 395
353 396
353 397
353 398
353 399
353 400
353 401
353 402
353 403
353 404
352 405
351 406
350 407
349 408
348 409
348 410
348 411
348 412
348 413
348 414
348 415
348 416
348 417
347 418
346 418
345 418
344 418
343 418
342 418
341 418
340 418
339 418
338 418
337 418
336 418
335 418
334 418
333 418
332 419
331 420
330 420
329 420
328 420
327 420
326 420
325 420
324 420
323 420
322 420
321 420
320 420
319 420
318 420
317 420
316 420
315 420
314 420
313 420
312 420
311 420
310 420
309 420
308 420
307 420
306 420
305 420
304 420
303 420
317 421
316 422
315 423
314 424
313 425
312 426
311 427
310 428
309 429
308 430
307 431
306 432
305 433
304 434
303 435
304 436
305 437
305 438
305 439
305 440
305 441
305 442
305 443
305 444
305 445
305 446
305 447
305 448
305 449
305 450
305 451
306 452
307 453
308 454
309 455
310 456
311 457
312 458
313 458
318 421
318 422
318 423
318 424
318 425
318 426
318 427
318 428
318 429
333 419
333 420
333 421
333 422
333 423
333 424
333 425
333 426
333 427
333 428
333 429
348 418
354 405
355 406
356 407
357 408
358 409
359 410
360 411
361 412
362 413
363 414
363 415
363 416
363 417
363 418
363 419
362 420
361 421
360 422
359 423
358 424
357 425
357 426
357 427
357 428
357 429
357 430
357 431
357 432
357 433
357 434
364 418
365 417
366 416
367 415
368 414
369 413
370 412
371 411
372 411
373 411
374 411
375 411
376 411
377 410
376 409
375 408
374 407
373 406
372 405
372 404
372 403
372 402
372 401
372 400
372 399
372 398
372 397
372 396
377 411
378 411
364 420
365 421
366 422
367 423
368 424
369 425
370 426
371 427
372 428
372 429
372 430
372 431
373 430
374 429
375 428
376 427
377 426
378 426
379 425
380 424
381 423
382 422
383 421
384 420
385 420
386 420
387 420
388 420
389 420
390 420
391 420
392 420
393 420
394 419
395 418
396 417
397 416
398 415
399 414
400 413
401 412
402 411
403 410
404 409
404 408
404 407
404 406
404 405
404 404
404 403
404 402
393 355
394 356
395 357
396 358
397 359
398 360
399 361
400 362
401 363
402 364
403 365
404 365
405 365
406 366
407 367
408 368
409 369
409 370
409 371
409 372
409 373
409 374
422 343
421 342
420 341
420 340
420 339
420 338
420 337
420 336
420 335
420 334
420 333
420 332
420 331
420 330
420 329
420 328
422 344
423 342
424 342
425 342
426 342
427 342
428 342
429 342
430 342
431 342
432 342
433 342
434 342
435 342
436 342
437 342
438 341
439 340
440 339
441 339
442 339
443 339
444 339
445 339
446 339
447 339
448 339
449 339
450 339
451 339
452 339
438 343
439 344
440 345
441 346
442 347
443 348
444 349
445 350
446 351
447 352
448 353
449 354
450 354
442 373
443 373
444 387
445 386
446 385
447 384
448 384
449 384
450 384
451 384
452 384
453 384
454 384
455 384
456 384
457 384
458 384
459 384
460 384
461 384
462 384
463 384
464 384
465 384
466 384
467 383
468 382
469 382
470 382
471 382
472 382
473 382
474 382
475 382
476 381
475 380
474 379
473 378
472 377
471 376
470 375
469 374
468 373
468 372
468 371
468 370
468 369
469 368
470 367
470 366
470 365
470 364
470 363
470 362
470 361
470 360
470 359
470 358
470 357
470 356
470 355
470 354
469 353
468 352
467 351
467 350
467 349
467 348
467 347
467 346
467 345
467 344
467 343
467 342
467 341
467 340
467 339
471 353
472 352
473 351
474 350
475 349
476 348
477 347
478 346
479 345
480 344
481 343
482 342
482 341
482 340
482 339
476 382
477 382
478 381
479 380
480 379
481 378
482 377
483 376
484 375
485 374
486 373
487 372
488 371
489 370
489 369
488 368
487 367
486 366
485 365
485 364
485 363
485 362
485 361
485 360
485 359
485 358
485 357
485 356
485 355
485 354
486 353
487 352
488 351
489 350
490 349
491 348
492 347
493 346
494 345
495 344
496 343
497 342
497 341
497 340
497 339
490 368
490 369
491 369
492 369
493 369
494 369
495 369
496 369
497 369
498 369
499 369
500 369
501 368
502 367
503 366
504 365
505 364
506 363
507 362
508 361
509 360
510 359
511 358
512 357
513 356
514 355
515 354
514 353
513 352
512 351
512 350
512 349
512 348
512 347
512 346
512 345
512 344
512 343
512 342
512 341
512 340
512 339
516 353
517 353
518 353
519 353
520 353
521 353
522 353
523 353
524 353
525 353
526 353
527 353
528 353
529 353
530 353
531 352
532 351
533 350
534 349
535 348
536 347
537 346
537 345
537 344
537 343
537 342
537 341
537 340
536 339
535 339
534 339
533 339
532 339
531 339
530 339
529 339
528 339
527 339
537 339
538 338
539 337
540 336
541 335
542 334
542 333
542 332
542 331
542 330
542 329
542 328
542 327
542 326
543 325
543 326
544 326
545 326
546 326
547 326
548 326
549 326
550 326
551 326
552 326
544 324
545 323
546 322
547 321
548 320
549 319
550 318
551 317
552 316
552 315
551 314
550 313
549 312
548 311
547 311
546 311
545 311
544 311
543 311
542 311
541 311
540 310
539 311
538 310
537 309
536 308
535 307
535 306
535 305
535 304
535 303
535 302
535 301
535 300
535 299
535 298
534 297
533 298
532 299
531 300
530 301
529 302
528 303
527 304
526 305
525 305
524 305
523 305
522 305
521 305
520 304
520 303
520 302
520 301
520 300
520 299
520 298
520 297
520 305
520 306
520 307
520 308
520 309
520 310
520 311
520 312
520 313
520 314
520 315
520 316
520 317
520 318
520 319
520 320
535 296
534 295
533 294
532 293
531 292
530 291
529 290
528 289
527 288
526 287
525 286
524 285
523 284
522 283
521 282
520 282
519 282
518 282
517 282
516 282
515 282
514 282
513 282
512 282
511 282
510 282
509 282
508 282
507 282
506 281
505 280
504 279
503 278
502 277
501 276
500 275
499 274
498 273
497 272
496 271
495 270
494 269
493 268
492 268
492 269
492 270
492 271
492 272
492 273
492 274
492 275
492 276
492 277
491 278
490 277
489 276
488 275
487 274
486 273
485 272
484 271
483 270
482 269
481 268
480 268
479 268
478 268
477 267
476 266
475 265
474 264
473 263
472 262
471 261
470 260
469 259
468 258
467 257
466 256
465 255
464 254
463 254
477 269
477 270
477 271
477 272
477 273
477 274
477 275
477 276
477 277
477 278
476 279
475 278
474 277
473 276
472 275
471 274
470 273
469 272
468 271
467 270
466 269
465 269
464 269
463 269
462 268
461 268
460 268
459 268
458 268
457 268
456 268
455 268
454 268
453 268
452 268
451 268
450 268
449 268
448 268
447 267
447 266
447 265
447 264
447 263
447 262
447 261
447 260
447 259
447 258
447 257
447 256
447 255
447 254
447 253
447 252
447 251
447 250
447 249
447 248
447 247
447 246
447 245
447 244
447 243
448 253
449 252
450 251
451 250
452 249
453 248
454 247
455 246
456 245
457 244
458 243
459 242
460 241
461 240
462 239
461 238
460 237
460 236
460 235
460 234
460 233
460 232
460 231
460 230
460 229
460 228
460 227
460 226
460 225
460 224
463 238
464 237
465 236
466 235
467 234
468 233
469 232
470 231
471 230
472 229
473 228
474 227
475 226
475 225
475 224
447 269
446 270
445 271
444 272
443 273
443 274
443 275
443 276
443 277
443 278
443 279
442 280
441 279
440 278
439 277
438 276
437 275
436 274
435 273
434 272
433 271
433 270
432 269
432 268
432 267
432 266
432 265
432 264
432 263
432 262
432 261
432 260
432 259
432 258
432 257
432 256
432 255
431 254
430 253
429 252
429 251
429 250
429 249
429 248
429 247
429 246
429 245
429 244
429 243
429 242
429 241
429 240
428 239
427 238
426 237
425 236
424 235
423 234
423 233
423 232
423 231
423 230
423 229
423 228
423 227
423 226
423 225
422 224
421 223
420 222
419 221
418 220
417 219
416 218
415 217
414 216
414 215
414 214
414 213
414 212
414 211
414 210
414 209
414 208
414 207
414 206
414 205
414 204
414 203
414 202
414 201
414 200
414 199
414 198
414 197
414 196
413 195
412 195
411 195
410 195
409 195
408 195
407 195
406 195
405 195
404 194
403 193
402 192
401 191
400 190
399 190
398 190
397 190
396 190
395 190
394 190
393 190
392 190
391 190
390 190
389 189
388 188
387 187
386 186
385 185
384 184
383 183
382 182
382 181
382 180
382 179
382 178
382 177
381 176
380 177
379 178
378 179
377 180
376 181
375 182
374 183
373 183
372 183
371 183
370 183
369 183
368 183
367 183
366 182
365 182
364 182
363 182
362 182
361 182
360 182
359 182
358 182
357 182
356 182
355 182
354 182
353 182
352 182
382 175
381 174
380 173
379 172
378 171
377 170
376 169
375 168
374 168
373 168
372 168
371 168
370 168
369 168
368 168
367 168
366 167
365 167
364 167
363 167
362 167
361 167
360 167
359 167
358 167
357 167
356 167
355 167
354 167
353 167
352 167
351 166
350 166
349 166
348 166
347 166
346 166
345 166
344 166
343 166
342 166
341 166
340 166
339 166
338 166
337 166
336 166
335 166
334 166
333 166
332 166
331 166
330 166
329 166
328 166
327 166
326 166
325 166
324 166
323 166
322 166
336 167
335 168
334 169
333 170
332 171
331 172
330 173
329 174
328 175
327 176
326 177
325 178
324 179
323 180
322 181
351 168
350 169
349 170
348 171
347 172
346 173
345 174
344 175
343 176
342 177
341 178
340 179
339 180
338 181
337 181
382 176
413 194
412 193
411 192
410 191
409 190
408 189
407 188
406 187
405 186
405 185
405 184
405 183
405 182
405 181
405 180
406 179
407 178
408 177
409 176
409 175
409 174
409 173
409 172
409 171
414 195
415 210
416 210
417 210
418 210
419 210
420 210
421 210
422 210
423 210
424 209
425 208
426 207
427 206
428 205
429 204
429 203
429 202
429 201
429 200
429 199
429 198
429 197
430 196
431 195
432 194
433 193
434 193
435 193
436 193
437 193
438 193
439 193
440 193
441 193
442 193
443 192
442 191
441 190
441 189
441 188
441 187
441 186
441 185
441 184
441 183
441 182
441 181
441 180
441 179
441 178
440 177
439 176
438 175
437 174
436 173
435 173
434 173
433 173
432 172
432 171
432 170
432 169
432 168
432 167
432 166
432 165
432 164
432 163
432 162
432 161
432 160
432 159
432 158
433 157
434 157
435 157
436 157
437 157
438 157
439 157
440 157
441 157
442 157
443 156
444 155
445 154
446 153
447 152
448 151
449 150
450 149
451 148
452 147
453 146
454 145
455 144
455 143
454 142
453 142
452 142
451 142
450 142
449 142
448 142
447 142
446 142
445 142
444 142
443 142
442 142
441 143
440 143
439 143
438 143
437 143
436 143
435 143
434 143
433 143
432 143
431 143
430 143
429 144
428 145
427 146
426 147
425 148
424 149
423 150
422 150
421 150
420 150
419 150
418 150
417 150
416 150
415 150
414 149
413 148
412 147
411 146
410 145
409 144
408 143
407 143
406 143
405 143
404 143
403 143
402 143
401 143
400 143
399 143
398 143
397 143
396 143
395 143
394 143
393 143
392 143
391 143
390 143
389 143
388 144
387 144
386 144
385 144
384 144
383 144
382 144
381 144
380 144
379 144
378 144
377 144
376 144
375 144
374 144
443 158
444 159
445 160
446 160
447 160
448 160
449 160
450 160
451 160
452 160
453 160
454 160
455 160
456 159
457 158
458 158
459 158
460 158
461 158
462 158
463 158
464 158
465 158
466 158
467 158
468 157
468 158
469 158
470 158
471 158
472 158
473 158
474 158
475 158
476 158
477 158
478 157
479 157
480 157
481 157
482 157
483 157
484 157
485 157
486 157
487 157
488 156
487 155
486 154
486 153
486 152
486 151
486 150
486 149
486 148
486 147
486 146
486 145
486 144
486 143
486 142
488 157
489 157
490 158
491 159
492 159
493 159
494 159
495 159
496 159
497 159
498 159
499 159
500 159
501 158
501 159
502 159
503 159
504 159
505 159
506 159
507 159
508 159
509 159
510 159
511 159
512 159
513 158
514 157
515 156
516 156
517 156
518 156
519 156
520 156
521 156
522 156
523 156
524 156
525 156
526 156
527 156
528 157
529 158
530 159
531 159
532 159
533 159
534 159
535 159
536 159
537 159
538 159
539 159
540 159
541 159
542 159
543 160
544 161
545 162
546 163
547 164
547 165
547 166
547 167
547 168
547 169
547 170
547 171
547 172
548 171
549 170
550 169
551 168
552 167
553 166
554 165
555 164
556 163
557 162
557 161
557 160
557 159
502 157
503 156
504 155
505 154
506 153
507 152
508 151
509 150
510 149
511 148
512 147
512 146
512 145
512 144
511 143
510 142
509 142
508 142
507 142
506 142
505 142
504 142
503 142
502 142
501 142
513 143
514 142
515 141
516 141
517 141
518 141
519 141
520 141
521 141
522 141
523 141
469 156
470 155
471 154
471 153
471 152
471 151
471 150
471 149
471 148
471 147
471 146
471 145
471 144
471 143
443 193
444 193
445 194
446 195
447 196
448 197
449 198
450 199
451 200
452 201
453 202
453 203
453 204
453 205
454 204
455 203
456 202
457 201
458 200
459 199
459 198
459 197
459 196
459 195
459 194
459 193
460 192
461 192
462 192
463 192
464 192
465 192
466 192
467 192
468 192
469 192
470 192
471 192
472 192
473 191
472 190
471 189
470 188
469 187
469 186
469 185
469 184
469 183
469 182
469 181
469 180
469 179
469 178
469 177
473 192
474 192
474 193
474 194
474 195
474 196
474 197
474 198
474 199
474 200
474 201
474 202
474 203
474 204
474 205
475 191
476 191
477 191
478 191
479 191
480 191
481 191
482 191
483 191
484 191
485 191
486 191
487 191
488 190
487 189
486 188
485 187
484 186
484 185
484 184
484 183
484 182
484 181
484 180
484 179
484 178
484 177
484 176
488 191
489 191
489 192
489 193
489 194
489 195
489 196
489 197
489 198
489 199
489 200
489 201
489 202
489 203
489 204
489 205
490 192
491 193
492 194
493 195
494 196
495 197
496 198
497 199
498 200
499 201
500 202
501 203
502 204
503 205
504 204
504 203
504 202
504 201
504 200
504 199
504 198
504 197
504 196
504 195
504 194
504 193
504 192
504 191
505 204
504 205
506 203
507 202
508 201
509 200
510 199
511 198
512 197
513 196
514 195
515 194
516 194
517 194
518 194
519 194
519 195
519 196
519 197
519 198
519 199
519 200
519 201
519 202
519 203
519 204
519 205
490 190
491 189
492 188
493 187
494 186
495 185
496 184
497 183
498 182
499 181
499 180
499 179
499 178
499 177
499 176
500 176
501 176
502 176
503 176
504 176
505 176
506 176
507 176
508 176
509 176
510 176
511 176
512 176
513 176
514 176
430 239
431 238
432 237
433 236
434 235
435 234
436 233
437 232
438 231
439 230
440 229
441 228
442 227
441 226
440 225
439 224
438 223
438 222
438 221
438 220
438 219
438 218
438 217
438 216
438 215
438 214
438 213
438 212
443 280
443 281
442 282
441 283
440 284
439 285
438 286
437 287
436 288
435 289
434 290
433 291
432 292
431 293
431 294
431 295
444 282
445 283
446 284
446 285
446 286
446 287
446 288
446 289
446 290
446 291
446 292
446 293
446 294
446 295
446 296
445 297
444 298
443 299
442 300
442 301
442 302
442 303
442 304
442 305
442 306
442 307
442 308
442 309
442 310
442 311
441 312
440 312
439 312
438 312
437 312
436 312
435 312
434 312
433 312
432 312
431 312
430 312
429 312
428 312
427 312
428 313
429 314
430 315
431 316
432 317
433 318
434 319
435 320
435 321
435 322
435 323
435 324
435 325
435 326
435 327
463 270
463 271
463 272
463 273
463 274
463 275
463 276
463 277
463 278
463 279
463 280
463 281
462 282
461 283
461 284
461 285
461 286
461 287
461 288
461 289
461 290
461 291
461 292
461 293
461 294
461 295
461 296
464 282
465 283
466 284
467 285
468 286
469 287
470 288
471 289
472 290
473 291
474 292
475 293
476 294
476 295
477 296
478 297
479 298
480 299
481 300
482 301
483 302
484 303
485 304
486 305
487 306
488 307
489 308
490 309
490 310
489 311
488 312
487 313
486 314
485 315
484 316
483 317
482 318
481 319
480 320
479 321
478 321
477 321
476 321
475 320
474 321
473 321
472 321
471 321
470 321
469 321
468 321
467 321
466 321
465 321
464 321
463 321
462 321
461 321
460 320
460 319
460 318
460 317
460 316
460 315
460 314
460 313
460 312
460 311
460 321
475 321
475 319
475 318
475 317
475 316
475 315
475 314
475 313
475 312
475 311
490 311
490 312
490 313
490 314
490 315
490 316
490 317
490 318
490 319
490 320
490 321
491 311
492 312
493 313
494 314
495 315
496 316
497 316
498 316
499 316
500 316
501 316
502 316
503 316
504 316
505 316
491 309
492 308
493 307
494 306
495 305
496 304
497 303
498 302
499 301
500 301
501 301
502 301
503 301
504 300
503 299
502 298
501 297
500 296
499 295
498 295
497 295
496 295
495 295
494 295
493 295
492 295
491 295
504 301
505 301
477 279
477 280
492 278
492 279
493 267
492 266
491 265
490 264
489 263
488 262
487 261
486 260
485 259
484 258
483 257
482 256
481 255
480 254
479 253
478 253
477 252
477 251
477 250
477 249
477 248
477 247
477 246
477 245
477 244
477 243
477 242
477 241
477 240
477 239
479 252
480 251
481 250
482 249
483 248
484 247
485 246
486 245
487 244
488 243
489 242
490 241
491 240
492 239
491 238
490 237
490 236
490 235
490 234
490 233
490 232
490 231
490 230
490 229
490 228
490 227
490 226
490 225
490 224
493 238
493 239
494 239
495 239
496 239
497 239
498 239
499 239
500 239
501 239
502 239
503 239
504 239
505 239
506 239
507 239
508 238
509 237
510 236
511 235
512 234
513 233
514 232
515 231
516 230
517 229
518 228
519 227
520 226
520 225
520 224
494 237
495 236
496 235
497 234
498 233
499 232
500 231
501 230
502 229
503 228
504 227
505 226
505 225
505 224
522 282
523 281
523 280
523 279
523 278
523 277
523 276
523 275
523 274
523 273
523 272
523 271
523 270
522 269
522 268
522 267
522 266
522 265
522 264
522 263
522 262
522 261
522 260
522 259
522 258
522 257
521 256
520 257
519 258
518 259
517 260
516 261
515 262
514 262
513 262
512 262
511 262
510 262
509 262
508 262
522 255
522 254
522 253
522 252
522 251
522 250
522 249
522 248
522 247
522 246
522 245
522 244
522 243
522 242
522 241
522 256
524 271
525 272
526 273
527 274
528 275
529 276
530 277
531 278
532 279
533 280
534 281
535 281
536 280
537 279
538 278
538 277
538 276
538 275
538 274
538 273
538 272
538 271
538 270
539 269
540 269
541 269
542 269
543 269
544 269
545 269
546 269
547 269
548 269
549 269
550 269
551 269
552 268
552 267
552 266
552 265
552 264
552 263
552 262
552 261
552 260
552 259
552 258
552 257
552 256
552 255
552 254
551 253
550 252
549 251
548 250
547 249
546 248
545 247
544 246
543 245
542 244
541 243
540 242
539 241
538 241
537 241
537 242
537 243
537 244
537 245
537 246
537 247
537 248
537 249
537 250
537 251
537 252
537 253
537 254
537 255
552 252
552 251
552 250
552 249
552 248
552 247
552 246
552 245
552 244
552 243
552 242
552 241
552 240
552 239
551 238
550 237
549 236
548 235
547 234
546 233
545 232
544 231
543 230
542 229
541 228
540 227
539 226
539 225
539 224
540 223
541 222
542 221
543 220
544 220
545 220
546 220
547 220
548 220
549 220
550 220
551 220
552 219
551 218
550 217
549 216
548 215
547 214
546 213
545 212
544 211
543 210
542 209
541 209
540 208
539 209
538 208
537 207
536 206
535 205
534 204
534 203
534 202
534 201
534 200
534 199
534 198
534 197
534 196
534 195
534 194
540 209
541 207
542 206
543 205
544 205
545 205
546 205
547 205
548 205
549 205
550 205
551 205
552 204
551 203
550 202
549 201
549 200
549 199
549 198
549 197
549 196
549 195
549 194
549 193
549 192
549 191
549 190
552 205
553 205
552 220
553 220
552 253
552 269
553 269
535 297
540 311
541 309
542 308
543 307
544 306
545 305
546 304
547 303
548 302
549 301
550 300
551 299
550 298
550 297
550 296
550 295
550 294
550 293
550 292
550 291
550 290
550 289
550 288
550 287
550 286
550 285
551 300
552 300
531 354
532 354
533 354
534 354
535 354
536 354
537 354
538 354
539 354
540 354
541 354
542 353
542 354
543 354
544 354
545 354
546 354
547 354
548 354
549 354
550 354
551 354
552 354
553 354
554 354
543 352
544 351
545 350
546 349
547 348
548 347
549 346
550 345
551 344
552 343
552 342
552 341
491 367
492 366
493 365
494 364
495 363
496 362
497 361
498 360
499 359
500 358
500 357
500 356
500 355
500 354
478 383
479 384
480 384
481 384
482 384
483 384
484 384
485 384
486 384
487 384
488 384
488 385
487 386
487 387
487 388
487 389
487 390
487 391
487 392
487 393
487 394
487 395
487 396
487 397
487 398
487 399
489 384
490 384
491 384
492 384
493 384
494 384
495 384
496 384
497 384
498 384
499 384
500 384
501 383
501 384
502 384
503 384
504 384
505 384
506 384
507 384
508 384
509 384
510 384
511 384
512 384
513 384
514 384
515 385
516 386
517 386
518 386
519 386
520 386
521 386
522 386
523 386
524 386
525 386
525 387
524 388
523 389
523 390
523 391
523 392
523 393
523 394
523 395
523 396
523 397
523 398
523 399
523 400
523 401
522 402
521 403
520 404
519 404
518 404
517 404
516 404
515 404
514 404
513 403
512 402
511 401
510 400
509 400
508 400
507 400
506 400
505 400
504 400
503 400
502 400
526 386
527 387
528 388
529 388
530 388
531 388
532 388
533 388
534 388
535 388
536 388
537 388
538 388
539 388
540 388
541 388
542 387
543 386
544 385
545 384
546 383
547 382
547 381
547 380
547 379
547 378
547 377
547 376
547 375
547 374
547 373
548 374
549 375
550 376
551 377
552 378
553 379
554 380
555 381
556 382
556 383
556 384
556 385
502 382
503 381
504 380
505 379
506 378
507 377
508 376
509 375
510 374
511 373
512 372
513 371
514 370
515 369
467 385
468 386
469 387
470 388
471 389
472 390
472 391
472 392
472 393
472 394
472 395
472 396
472 397
472 398
472 399
454 399
455 399
432 408
433 409
434 410
435 411
436 412
437 413
438 414
439 415
440 416
440 417
440 418
440 419
440 420
439 436
438 437
437 437
436 437
435 437
434 437
433 437
432 437
431 437
430 437
429 437
428 437
427 437
426 437
425 437
424 436
423 435
422 434
421 433
420 432
419 431
418 430
417 429
416 428
415 427
414 426
413 425
412 424
411 423
410 422
423 437
422 437
421 437
420 437
419 437
418 437
417 437
416 437
415 437
414 437
413 437
412 437
411 437
410 437
409 436
408 435
407 435
406 435
405 435
404 435
403 435
402 435
401 435
400 435
399 435
398 435
397 435
396 435
395 435
409 438
408 439
407 440
406 441
405 442
404 443
403 444
402 445
401 446
400 447
399 448
398 449
397 450
396 450
395 450
394 451
393 452
393 453
393 454
393 455
393 456
393 457
393 458
393 459
393 460
393 461
393 462
393 463
393 464
393 465
392 466
391 467
390 468
389 469
388 470
387 471
386 472
385 473
384 474
383 475
382 476
381 477
380 478
379 479
378 480
377 481
376 482
375 483
374 484
373 485
372 486
371 486
370 486
369 486
368 486
367 486
366 486
365 486
364 485
363 484
362 483
362 482
362 481
362 480
362 479
362 478
362 477
362 476
362 475
362 474
362 473
362 472
362 471
361 470
360 469
359 468
358 467
357 466
356 465
355 464
354 463
354 462
354 461
354 460
354 459
354 458
354 457
354 456
363 470
364 469
365 468
366 467
367 466
368 465
369 464
369 463
369 462
369 461
369 460
369 459
364 487
363 488
362 489
361 490
360 491
359 492
358 493
357 494
356 495
355 496
354 497
353 498
352 498
351 498
350 498
349 497
348 496
347 495
347 494
347 493
347 492
347 491
347 490
347 489
347 488
347 487
347 486
347 485
347 484
346 483
345 483
344 483
343 483
342 483
341 483
340 483
339 483
338 483
337 483
336 483
335 483
334 483
333 483
332 483
331 482
330 481
329 481
328 481
327 481
326 481
325 481
324 481
323 481
322 481
321 481
320 481
319 481
318 481
317 481
316 480
315 479
314 478
313 477
312 476
311 476
310 476
309 476
308 476
307 476
306 476
305 476
304 476
303 476
302 476
301 476
300 476
299 476
298 476
297 476
296 476
295 476
294 476
293 476
307 477
306 478
305 479
304 480
303 481
302 482
301 483
300 484
299 485
298 486
297 487
296 488
295 489
294 490
293 491
316 482
315 483
314 484
313 485
312 486
311 487
310 488
309 489
308 490
308 491
346 482
345 481
344 480
343 479
342 478
341 477
340 476
339 475
339 474
339 473
339 472
339 471
339 470
339 469
339 468
347 483
348 498
347 498
346 498
345 498
344 498
343 498
342 498
341 498
340 498
339 498
338 498
337 498
336 498
335 498
334 499
333 500
332 501
332 502
332 503
332 504
332 505
332 506
332 507
332 508
349 498
351 499
352 500
352 501
352 502
352 503
352 504
352 505
352 506
352 507
352 508
352 509
352 510
352 511
352 512
352 513
353 512
354 511
355 510
356 509
357 508
358 507
359 506
360 505
361 504
362 503
363 502
364 501
365 501
366 502
367 503
368 504
369 505
370 505
371 505
372 505
373 505
374 505
375 505
376 505
394 466
395 467
396 468
397 469
398 470
399 471
400 472
401 473
402 474
403 475
404 476
405 477
406 477
407 477
407 478
406 479
405 480
404 481
403 481
402 481
401 481
400 481
399 481
398 481
397 481
396 481
395 481
394 481
393 481
408 477
408 478
408 479
408 480
408 481
408 482
408 483
408 484
408 485
408 486
408 487
408 488
408 489
408 490
408 491
408 492
409 493
410 494
411 495
412 496
413 497
414 498
415 498
416 498
409 477
410 477
411 477
412 477
413 477
414 477
415 477
416 477
396 451
397 452
398 453
399 454
400 455
401 456
402 457
403 458
404 459
405 459
406 459
407 459
408 459
424 437
469 421
468 422
467 423
466 424
465 425
464 426
463 427
462 428
461 429
460 430
459 431
458 432
457 433
456 434
455 435
483 435
482 435
481 435
480 435
479 435
478 435
477 435
476 435
475 435
474 435
473 435
472 435
471 435
470 435
484 435
500 422
500 423
500 424
500 425
500 426
500 427
500 428
500 429
500 430
500 431
500 432
500 433
500 434
500 435
500 436
501 422
502 423
503 424
504 425
505 426
506 427
507 428
508 429
509 430
510 431
511 432
512 433
513 434
514 435
515 436
516 421
517 421
518 421
519 421
520 421
521 421
522 421
523 421
524 421
525 421
526 421
527 421
528 421
529 421
530 421
531 436
532 434
533 433
534 432
535 431
536 430
537 429
538 428
539 427
540 426
541 425
542 424
543 423
544 422
545 421
544 420
544 419
544 418
544 417
544 416
544 415
544 414
544 413
544 412
544 411
544 410
544 409
544 408
544 407
544 406
579 443
579 444
604 439
592 421
593 420
594 419
595 418
596 417
596 416
596 415
596 414
596 413
596 412
596 411
596 410
596 409
596 408
582 407
583 406
584 405
585 404
586 403
587 402
588 401
589 400
590 399
591 398
592 397
593 396
593 395
593 394
593 393
594 379
595 380
596 381
597 382
598 383
599 384
600 385
601 386
602 387
603 387
604 387
605 387
606 387
607 387
608 387
609 386
610 385
611 384
612 383
613 383
614 383
615 383
616 383
617 383
618 383
619 383
620 383
621 383
622 383
623 383
624 382
625 381
626 380
627 379
627 378
627 377
627 376
627 375
627 374
627 373
627 372
627 371
627 370
627 369
627 368
609 388
610 389
611 390
612 391
613 392
614 393
615 394
616 395
617 396
618 397
619 398
620 398
621 398
622 398
623 398
624 397
625 396
626 395
627 394
628 393
629 392
630 391
631 390
632 389
633 388
634 387
635 386
636 385
637 385
638 385
639 384
640 384
641 384
642 384
643 384
644 384
645 384
646 384
639 386
640 387
641 388
641 389
641 390
641 391
641 392
641 393
641 394
641 395
641 396
641 397
641 398
641 399
641 400
641 401
641 402
641 403
641 404
641 405
641 406
641 407
641 408
641 409
641 410
641 411
624 399
625 400
626 401
626 402
626 403
626 404
626 405
626 406
626 407
626 408
626 409
626 410
626 411
626 412
626 413
610 341
611 341
612 342
613 343
614 343
615 343
616 343
617 343
618 343
619 343
620 343
621 343
622 343
623 343
624 343
625 343
626 343
627 344
628 345
628 346
628 347
628 348
628 349
628 350
628 351
628 352
628 353
592 315
593 314
594 313
595 312
596 311
597 310
598 309
599 308
600 307
601 306
602 306
603 306
604 306
605 306
606 306
607 306
608 306
609 306
610 306
611 306
612 306
613 306
614 306
615 306
616 306
617 306
618 306
619 306
620 306
621 305
622 304
623 303
624 302
625 301
625 300
625 299
625 298
625 297
625 296
625 295
625 294
625 293
625 292
625 291
625 290
625 289
625 288
625 287
625 286
625 285
625 284
625 283
626 282
627 281
628 280
629 279
630 278
631 277
632 276
633 275
633 274
633 273
633 272
633 271
632 270
631 269
630 268
629 268
628 268
627 268
626 268
625 268
624 268
623 268
622 268
621 268
620 268
621 307
622 308
623 309
624 310
625 311
625 312
625 313
625 314
625 315
625 316
625 317
625 318
625 319
625 320
576 289
577 288
578 287
579 287
580 287
581 287
582 287
583 287
584 287
585 287
586 287
587 287
588 287
589 287
590 287
589 272
604 270
605 270
605 271
605 272
605 273
605 274
605 275
605 276
605 277
605 278
605 279
605 280
605 281
605 282
605 283
605 284
601 249
602 249
603 248
604 247
605 246
606 245
606 244
606 243
606 242
606 241
606 240
606 239
606 238
606 237
606 236
606 235
606 234
607 234
608 234
609 234
610 234
611 234
612 234
613 234
614 234
615 234
616 234
617 234
618 234
619 234
620 234
621 234
622 234
622 235
623 234
624 234
625 234
626 234
627 234
628 234
629 234
630 234
631 234
632 234
633 234
623 236
624 237
625 238
625 239
625 240
625 241
625 242
625 243
625 244
625 245
625 246
625 247
625 248
625 249
587 195
588 195
589 194
590 193
591 192
592 191
593 190
594 189
595 188
596 187
596 186
596 185
596 184
596 183
596 182
596 181
596 180
596 179
596 178
596 177
596 176
596 175
596 174
596 173
596 172
596 171
596 170
596 169
596 168
596 167
597 183
598 184
599 185
600 186
601 187
602 188
602 189
602 190
602 191
602 192
603 193
604 194
605 195
606 196
606 197
606 198
606 199
606 200
606 201
606 202
606 203
605 204
604 205
603 206
602 207
602 208
602 209
602 210
602 211
602 212
602 213
602 214
602 215
602 216
601 217
600 216
599 215
598 214
597 213
596 212
595 211
594 210
593 210
592 210
591 210
602 217
602 218
601 219
600 220
599 221
598 222
597 223
596 224
595 225
594 225
593 225
592 225
591 225
607 202
608 202
609 202
610 202
611 202
612 202
613 202
614 202
615 202
616 202
617 202
618 202
619 202
620 202
621 202
622 201
623 201
624 201
625 201
626 201
627 201
628 201
629 201
630 201
631 201
632 200
631 199
630 198
629 197
628 196
628 195
628 194
628 193
628 192
628 191
628 190
628 189
628 188
628 187
629 186
629 185
629 184
629 183
629 182
629 181
629 180
629 179
629 178
629 177
629 176
629 175
629 174
629 173
629 172
628 171
627 170
626 169
626 168
626 167
626 166
626 165
625 164
624 163
623 162
622 161
621 160
620 159
619 158
618 157
617 156
616 155
615 154
614 154
613 154
612 154
611 154
626 163
626 162
626 161
626 160
626 159
626 158
626 157
626 156
626 155
626 154
626 153
626 152
626 151
626 150
625 149
624 148
623 147
622 146
622 145
622 144
622 143
622 142
622 141
622 140
622 139
622 138
622 137
622 136
622 135
627 149
628 148
629 147
630 146
631 145
632 144
633 143
634 142
635 141
636 140
637 139
638 139
639 139
640 139
626 164
627 164
628 163
629 162
630 161
631 160
632 159
633 158
634 157
635 156
636 156
637 156
638 156
639 156
640 156
641 156
632 201
633 201
622 203
623 204
623 205
623 206
623 207
623 208
623 209
623 210
623 211
623 212
623 213
623 214
623 215
623 216
623 217
579 164
580 163
581 162
582 161
583 160
584 159
585 158
586 157
587 156
588 155
589 154
590 153
591 152
592 152
593 152
582 136
583 137
584 137
585 137
586 137
587 137
588 137
589 137
590 137
591 137
592 137
593 137
594 136
595 135
596 134
597 133
598 132
599 131
600 130
601 129
602 128
602 127
602 126
602 125
602 124
602 123
602 122
601 121
600 120
599 119
598 118
597 118
596 117
595 118
596 118
597 116
598 115
599 114
600 113
601 112
602 111
602 110
602 109
602 108
602 107
572 106
573 105
574 104
575 103
576 103
577 103
578 103
579 103
580 103
581 103
582 103
583 103
584 103
585 103
586 103
403 124
403 125
388 125
354 83
355 82
356 81
357 81
358 81
359 81
360 81
361 81
362 81
363 81
364 81
365 81
366 81
367 81
368 81
342 81
343 80
344 79
345 78
346 77
347 76
348 75
349 74
350 73
351 72
352 71
353 70
353 69
352 68
351 67
350 66
349 65
348 64
348 63
348 62
348 61
348 60
348 59
348 58
348 57
348 56
348 55
348 54
347 53
346 52
345 51
344 50
343 49
342 48
341 47
340 46
339 45
338 44
337 43
336 42
336 41
336 40
336 39
337 38
338 37
339 36
340 36
341 36
342 36
343 36
344 36
345 36
346 36
347 36
348 36
349 36
350 36
351 36
352 35
352 36
353 36
354 36
355 36
356 36
357 36
358 36
359 36
360 36
361 36
362 36
363 36
364 36
365 36
366 36
367 35
368 35
369 35
370 35
371 35
372 35
373 35
374 35
375 35
376 35
377 35
353 34
354 33
354 32
354 31
354 30
354 29
354 28
354 27
354 26
354 25
354 24
354 23
354 22
354 21
302 88
303 89
304 90
305 91
306 92
307 92
308 92
309 92
310 92
311 92
312 92
305 125
306 124
307 123
308 122
309 121
310 120
311 119
312 118
313 117
314 116
315 115
316 114
316 113
316 112
301 140
302 141
303 142
304 142
305 142
306 142
307 142
308 142
309 142
310 142
311 142
312 142
313 142
314 142
315 142
316 142
317 142
318 142
319 142
320 142
321 142
322 142
323 142
324 142
325 142
326 142
327 142
328 142
329 142
330 142
331 143
332 143
333 143
334 143
335 143
336 143
337 143
338 143
339 143
340 143
341 143
342 143
343 143
344 143
345 143
346 144
347 145
348 146
349 147
350 148
351 148
352 148
353 148
354 148
355 148
356 148
300 200
300 201
300 202
300 203
300 204
300 205
300 206
300 207
300 208
300 209
300 210
300 211
300 212
300 213
300 214
257 228
258 229
259 230
260 231
261 232
262 233
263 234
264 235
265 236
265 237
265 238
265 239
265 240
265 241
265 242
264 258
263 259
262 260
261 261
260 262
259 263
258 264
257 265
256 266
255 267
254 268
253 269
252 270
251 271
250 272
265 258
265 259
265 260
265 261
265 262
265 263
265 264
265 265
265 266
265 267
265 268
265 269
265 270
265 271
265 272
264 273
263 274
262 275
261 276
260 277
259 278
258 279
258 280
258 281
258 282
258 283
258 284
258 285
258 286
258 287
266 273
267 274
268 275
269 276
270 277
271 278
272 279
273 280
273 281
273 282
273 283
273 284
273 285
273 286
273 287
272 288
271 289
270 290
269 291
268 292
267 293
266 294
265 295
264 296
263 297
262 298
261 299
260 300
259 301
258 302
257 301
256 300
255 299
254 298
253 297
252 296
251 295
250 294
249 293
248 292
247 291
246 290
245 289
244 288
243 287
256 302
255 302
254 302
253 302
252 302
251 302
250 302
249 302
248 302
247 302
246 302
245 302
244 302
243 302
242 301
241 300
240 299
239 298
238 297
237 296
236 295
235 294
234 293
233 292
232 291
231 290
230 289
229 288
228 287
227 286
226 285
225 284
224 283
223 282
222 281
221 280
220 279
220 278
220 277
220 276
220 275
220 274
220 273
220 272
227 288
226 289
225 290
224 291
223 292
222 293
221 294
220 295
219 296
218 296
217 296
216 296
215 296
214 296
213 296
229 286
230 285
231 284
232 283
233 282
234 281
235 280
235 279
235 278
235 277
235 276
235 275
235 274
235 273
235 272
241 302
240 302
239 302
238 302
237 302
236 302
235 302
234 302
233 302
232 302
231 302
230 302
229 302
228 302
242 302
242 303
241 304
240 305
239 306
238 307
237 308
236 309
235 310
234 311
233 312
232 313
231 314
230 315
229 316
228 317
227 316
226 315
225 314
224 313
223 312
222 311
221 311
220 311
219 311
218 311
217 311
216 311
215 311
214 311
213 311
227 318
226 319
225 320
224 321
223 322
222 323
221 324
220 325
219 326
218 326
217 326
216 326
215 326
214 326
213 326
228 318
228 319
228 320
228 321
228 322
228 323
228 324
228 325
228 326
228 327
228 328
228 329
228 330
228 331
228 332
227 333
226 334
225 335
224 336
223 337
222 338
221 339
220 340
219 341
218 341
217 341
216 341
215 341
214 341
213 341
212 340
211 339
210 338
209 337
208 336
207 335
206 334
205 333
204 332
203 331
202 330
201 329
200 328
199 327
198 326
197 325
196 324
195 323
194 322
193 321
192 320
191 319
190 318
189 317
188 316
187 316
186 316
185 316
184 316
183 315
182 315
181 314
180 313
179 313
178 313
177 313
176 313
175 313
174 313
173 313
172 313
171 313
170 313
169 313
168 313
167 312
166 311
165 310
164 309
163 308
163 307
163 306
163 305
163 304
163 303
162 302
161 303
160 304
159 305
158 306
157 307
156 308
155 309
154 310
153 310
152 310
151 310
150 310
149 310
148 310
147 310
146 310
145 310
144 310
143 310
142 310
141 310
140 310
139 310
138 310
137 310
136 310
135 310
134 310
133 310
132 310
131 310
130 310
129 310
128 310
127 310
126 310
125 310
124 310
123 310
122 310
121 310
135 311
134 312
134 313
134 314
134 315
134 316
134 317
134 318
134 319
134 320
134 321
134 322
134 323
134 324
133 325
132 325
131 325
130 325
129 325
128 325
127 325
126 325
125 325
124 325
123 325
122 325
121 325
120 325
119 325
118 324
117 323
116 322
115 321
114 320
113 319
112 318
111 317
110 316
109 315
108 314
107 313
106 312
105 311
104 310
103 310
102 310
101 310
100 310
99 310
98 310
97 310
96 310
95 310
94 310
93 310
92 310
91 310
105 310
106 310
106 311
104 312
103 313
102 314
101 315
100 316
99 317
98 318
97 319
96 320
95 321
94 322
93 323
92 324
91 325
90 326
89 327
88 328
87 329
86 330
85 331
84 332
84 333
84 334
84 335
84 336
84 337
84 338
83 339
82 339
81 339
80 339
79 339
78 339
77 339
76 339
75 339
74 339
73 339
72 338
71 338
70 338
69 338
68 338
67 338
66 338
65 338
64 338
63 337
62 338
61 337
60 336
59 335
58 334
57 333
56 332
55 331
54 330
53 330
52 330
51 330
50 330
49 330
48 329
47 328
46 327
45 326
44 325
43 325
42 325
41 325
40 325
39 325
38 325
37 325
36 325
35 325
34 325
33 325
32 325
31 325
30 325
29 325
28 325
27 325
26 325
25 325
24 325
23 325
22 325
21 325
48 331
47 332
46 333
45 334
44 335
43 336
42 337
41 338
40 339
39 340
38 340
37 340
36 340
35 340
34 340
33 340
32 340
31 340
30 340
29 340
28 340
27 340
26 340
25 340
24 340
23 340
22 340
21 340
36 341
37 342
38 343
39 344
40 345
41 346
41 347
41 348
41 349
41 350
41 351
41 352
40 353
39 354
38 355
37 356
36 357
35 358
34 359
33 359
32 359
31 359
30 359
29 359
28 359
27 359
26 359
42 353
43 354
44 355
45 356
46 357
47 358
48 358
49 358
50 358
51 358
52 358
53 358
54 358
55 358
56 358
57 358
58 358
59 358
60 358
61 358
62 358
63 358
64 358
65 358
66 358
67 358
68 358
69 358
70 358
71 358
72 358
73 358
74 358
75 358
76 358
77 358
78 358
79 358
80 359
81 360
82 361
83 361
84 361
85 361
86 361
87 361
88 361
89 361
90 361
91 361
92 361
93 361
94 361
95 362
96 363
97 364
98 365
99 366
100 367
101 368
102 369
103 370
103 371
103 372
103 373
102 374
101 375
100 376
99 377
98 377
97 377
96 377
95 377
94 377
93 377
92 377
91 377
90 377
89 377
88 377
89 378
90 379
91 380
92 381
93 382
94 383
95 384
96 385
97 386
98 387
99 388
100 389
101 390
101 391
100 392
99 393
98 394
97 395
96 396
95 397
94 398
93 399
92 400
91 401
90 401
89 401
88 401
87 401
86 401
85 402
84 403
83 404
82 405
81 406
80 407
79 407
78 407
77 407
76 407
75 407
74 407
73 407
72 407
71 407
70 407
69 407
68 407
67 406
66 405
65 404
64 403
63 402
62 401
61 400
60 400
59 400
58 400
57 399
56 400
55 399
54 398
53 397
53 396
53 395
53 394
53 393
53 392
53 391
52 390
51 389
50 388
49 387
48 386
47 385
46 384
45 383
44 382
43 382
42 382
41 382
40 382
57 400
58 398
59 397
60 396
61 395
62 394
63 393
64 392
65 392
66 392
67 392
102 390
104 372
105 371
106 370
107 369
108 368
109 367
109 366
109 365
109 364
109 363
109 362
109 361
104 374
105 375
106 376
107 377
108 378
109 379
110 380
111 381
112 382
113 383
114 384
115 385
116 385
117 385
118 384
119 383
120 382
121 381
122 380
123 379
124 378
125 377
126 376
127 375
128 375
129 375
130 375
131 375
132 375
118 386
119 387
120 388
121 389
122 390
123 390
124 390
125 390
126 390
127 390
128 390
129 390
130 390
131 390
131 391
130 392
129 393
128 394
127 395
126 396
125 397
124 398
124 399
124 400
124 401
124 402
124 403
124 404
124 405
124 406
124 407
123 408
122 409
121 410
120 411
119 412
118 413
117 414
116 415
115 416
115 417
115 418
115 419
115 420
115 421
115 422
114 423
113 424
112 425
111 426
110 427
109 427
108 427
107 427
106 427
107 428
108 429
109 430
110 431
111 432
112 433
113 434
114 435
115 436
116 437
117 438
118 439
119 439
120 438
121 437
122 436
123 435
124 434
125 433
126 432
127 431
128 430
129 429
129 428
130 428
131 428
132 428
133 428
134 428
135 428
136 428
137 428
138 428
139 428
140 428
141 427
142 426
143 425
144 424
145 423
146 422
147 421
148 420
149 420
150 420
151 420
152 420
153 420
154 420
155 420
156 420
157 420
158 421
158 422
158 423
158 424
158 425
158 426
158 427
158 428
158 429
158 430
158 431
158 432
158 433
158 434
158 435
159 435
160 435
161 435
162 435
163 435
164 435
165 435
166 435
167 435
168 435
169 435
170 435
171 435
172 435
173 434
173 433
173 432
173 431
173 430
173 429
173 428
173 427
173 426
173 425
173 424
173 423
173 422
173 421
174 434
173 435
175 433
176 432
177 431
178 430
179 429
180 428
181 427
182 426
183 425
184 424
185 423
186 422
187 421
188 421
188 422
188 423
188 424
188 425
188 426
188 427
188 428
188 429
188 430
188 431
188 432
188 433
188 434
188 435
189 422
190 423
191 424
192 425
193 426
194 427
195 428
196 429
197 430
198 431
199 432
200 433
201 434
202 435
203 434
203 433
203 432
203 431
203 430
203 429
203 428
203 427
203 426
203 425
203 424
203 423
203 422
203 421
203 435
204 435
205 435
206 435
207 435
208 435
209 435
210 435
211 435
212 435
213 435
214 435
215 435
216 435
217 435
218 434
218 433
218 432
218 431
218 430
218 429
218 428
218 427
218 426
218 425
218 424
218 423
218 422
218 421
219 434
218 435
220 433
221 432
222 431
223 430
224 429
225 428
226 427
227 426
228 425
229 424
230 423
231 422
232 422
233 422
233 423
233 424
233 425
233 426
233 427
233 428
233 429
233 430
233 431
233 432
233 433
233 434
233 435
234 423
235 424
236 425
237 426
238 427
239 428
240 429
241 430
242 431
243 432
244 433
245 434
246 435
247 435
248 434
248 433
248 432
248 431
248 430
248 429
248 428
248 427
248 426
248 425
248 424
248 423
248 422
248 435
249 435
250 435
251 435
252 435
253 435
254 435
255 435
256 435
257 435
258 435
259 435
260 435
261 435
262 435
263 434
263 433
263 432
263 431
263 430
263 429
263 428
263 427
263 426
263 425
263 424
263 423
263 422
264 434
263 435
265 433
266 432
267 431
268 430
269 429
270 428
271 427
272 426
273 425
274 424
275 423
276 422
277 422
278 422
279 423
280 424
281 425
282 426
283 427
284 428
284 429
284 430
284 431
284 432
284 433
284 434
284 435
132 390
63 338
64 336
65 335
66 334
67 333
68 332
69 331
70 330
71 329
72 328
72 327
72 326
72 325
72 324
71 323
70 322
69 321
68 320
67 319
66 318
65 317
64 316
63 315
62 314
61 313
60 312
60 311
60 310
60 309
60 308
60 307
61 306
62 305
63 304
64 303
64 302
64 301
64 300
64 299
64 298
64 297
64 296
64 295
64 294
64 293
64 292
64 291
64 290
63 289
62 288
61 287
60 286
60 285
84 339
84 340
117 325
116 325
115 325
114 325
113 325
112 325
111 325
110 325
109 325
108 325
107 325
118 325
118 326
117 327
116 328
115 329
114 330
113 331
112 332
111 333
110 334
109 335
108 336
107 337
106 338
105 339
104 340
103 341
103 342
134 325
163 301
162 300
161 299
160 298
160 297
160 296
160 295
160 294
160 293
160 292
160 291
160 290
160 289
160 288
159 287
158 286
157 285
156 284
155 283
154 282
153 281
152 281
151 281
150 281
149 281
148 281
147 281
146 281
145 280
144 280
143 279
142 278
141 277
140 276
139 275
138 274
137 273
136 272
135 272
134 272
133 272
132 272
131 272
130 272
129 271
128 271
127 271
126 271
125 271
124 271
123 271
122 271
121 271
120 271
119 271
118 271
117 271
116 270
115 271
114 270
113 269
112 268
111 267
110 266
109 265
108 264
107 263
106 262
106 261
106 260
106 259
106 258
106 257
106 256
105 255
104 254
103 253
102 252
101 252
100 252
99 252
98 252
97 252
96 252
95 252
94 252
93 252
92 252
91 252
113 271
112 271
111 271
110 271
109 271
108 271
107 271
106 271
105 270
104 269
103 268
102 267
101 267
100 267
99 267
98 267
97 267
96 267
95 267
94 267
93 267
92 267
91 267
105 272
104 273
103 274
102 275
101 276
100 277
99 278
98 279
97 280
96 281
95 282
94 282
93 282
92 282
91 282
92 283
93 284
94 285
95 286
96 287
97 288
98 289
98 290
98 291
114 271
116 271
117 269
118 268
119 267
120 266
121 265
121 264
121 263
121 262
121 261
121 260
121 259
121 258
121 257
145 279
145 278
145 277
145 276
145 275
145 274
145 273
145 272
145 271
145 270
145 269
145 268
145 267
145 266
144 265
143 264
142 263
141 262
140 261
139 260
138 259
137 258
136 257
136 256
136 255
136 254
136 253
136 252
136 251
146 265
147 264
148 263
149 262
150 261
151 260
152 259
153 258
154 258
155 258
156 258
157 258
158 258
159 258
160 258
161 257
162 256
163 256
164 256
165 256
166 256
167 256
168 256
169 256
170 256
171 256
172 256
173 256
174 256
175 256
161 259
162 260
163 261
164 262
165 263
166 264
167 265
168 266
169 267
170 268
171 269
172 270
173 271
174 271
175 271
176 270
177 269
178 268
179 267
180 266
181 266
182 266
183 266
184 266
185 266
186 266
187 266
188 266
189 266
190 265
190 264
190 263
190 262
190 261
190 260
190 259
190 258
190 257
190 256
190 255
190 254
190 253
190 252
190 251
191 250
192 249
193 248
194 247
195 246
196 245
196 244
196 243
196 242
196 241
196 240
196 239
196 238
196 237
196 236
190 266
191 267
192 268
193 269
194 270
195 271
196 272
197 273
198 274
199 275
200 276
201 277
202 278
203 279
204 280
205 281
176 272
177 273
178 274
179 275
180 276
181 277
182 278
183 279
184 280
185 281
186 281
187 281
188 281
189 281
190 281
145 281
144 282
143 283
142 284
141 285
140 286
139 287
138 288
137 289
136 290
135 291
134 290
133 289
132 288
131 287
130 287
129 286
128 286
127 286
126 286
125 286
124 286
123 286
122 286
121 286
120 286
119 286
118 286
117 286
116 286
115 286
136 291
136 292
160 286
160 285
160 284
160 283
160 282
160 281
160 280
160 279
160 278
160 277
160 276
160 275
160 274
160 273
160 287
163 302
164 300
165 299
166 298
167 297
168 296
169 295
170 294
171 293
172 292
173 291
174 290
175 289
175 288
175 287
175 286
167 314
166 315
165 316
164 317
163 318
162 319
161 320
160 321
159 322
158 323
157 324
156 325
155 325
154 325
153 325
154 326
155 327
156 328
157 329
158 330
159 330
160 330
161 330
162 330
163 330
164 331
165 332
166 333
166 334
166 335
166 336
166 337
166 338
166 339
166 340
166 341
166 342
166 343
166 344
166 345
165 346
164 347
163 348
162 349
161 349
160 349
159 349
158 349
157 349
156 349
155 349
154 349
153 349
152 349
151 349
150 348
149 347
148 346
147 345
146 344
145 343
144 342
143 342
142 342
141 342
140 342
139 342
138 342
137 342
136 342
135 342
134 342
133 342
132 342
131 342
130 342
129 342
128 342
127 342
126 342
125 342
124 342
123 342
122 342
121 342
120 342
150 350
149 351
148 352
147 353
146 354
145 355
144 356
143 357
142 358
141 359
140 359
139 359
138 359
137 359
136 359
135 359
134 359
133 359
132 359
131 359
130 359
129 359
128 359
127 359
126 359
125 359
124 359
152 350
152 351
152 352
152 353
152 354
152 355
152 356
152 357
152 358
152 359
152 360
152 361
152 362
152 363
152 364
153 363
154 362
155 361
156 360
157 360
158 360
159 360
160 360
161 360
162 360
163 360
164 360
165 360
166 360
153 365
154 366
155 367
156 368
157 369
158 370
159 371
160 372
161 373
162 374
163 375
164 375
164 376
163 377
162 378
161 379
160 379
159 379
158 379
157 379
156 379
155 379
154 379
153 379
152 379
165 375
165 376
165 377
165 378
165 379
165 380
165 381
165 382
165 383
165 384
164 385
163 386
162 387
161 388
160 389
159 390
158 391
157 392
156 393
155 394
154 394
153 394
152 394
153 395
154 396
155 397
156 398
157 399
158 399
159 399
160 399
161 399
162 399
163 399
164 399
166 385
167 386
168 387
169 388
170 389
171 390
172 391
173 392
174 393
175 394
176 395
177 396
178 397
179 397
180 397
181 396
181 395
181 394
181 393
181 392
181 391
181 390
181 389
181 388
181 387
181 386
181 385
181 384
181 383
181 382
181 397
182 397
183 397
184 397
185 397
186 397
187 397
188 397
189 397
190 397
191 397
192 397
193 396
194 395
195 394
196 393
196 392
196 391
196 390
196 389
196 388
196 387
196 386
196 385
196 384
196 383
196 382
197 382
198 382
199 382
200 382
201 382
202 382
203 382
204 382
205 382
206 382
207 382
208 382
209 382
210 382
211 382
212 383
213 383
214 383
215 383
216 383
217 383
218 383
219 383
220 383
221 383
222 383
223 383
224 383
225 383
226 383
226 384
227 383
228 383
229 383
230 383
231 383
232 383
233 383
234 383
235 383
236 383
237 383
238 383
239 383
240 383
227 385
228 386
229 387
230 388
231 389
232 390
233 391
234 392
235 393
236 394
237 395
238 396
239 397
240 398
241 397
241 398
242 398
243 398
244 398
245 398
246 398
247 398
248 398
249 398
250 398
251 398
252 398
253 398
254 398
242 396
243 395
244 394
245 393
246 392
247 391
248 390
249 389
250 388
251 387
252 386
253 385
254 384
255 383
256 384
257 385
258 386
259 387
260 388
261 389
262 390
263 391
264 392
265 393
266 394
267 395
268 396
269 397
270 398
271 397
272 396
273 395
274 394
275 393
276 392
277 391
278 390
279 389
280 388
281 387
281 386
281 385
281 384
280 383
279 383
278 383
277 383
276 383
275 383
274 383
273 383
272 383
271 383
270 383
281 383
271 399
272 400
273 400
274 400
275 400
276 400
277 400
278 400
279 400
280 400
281 400
183 314
183 313
183 312
183 311
183 310
183 309
183 308
183 307
183 306
183 305
183 304
183 303
183 302
183 301
183 316
183 317
183 318
183 319
183 320
183 321
183 322
183 323
183 324
183 325
183 326
183 327
183 328
183 329
183 330
183 331
183 332
183 333
183 334
183 335
183 336
183 337
183 338
183 339
183 340
183 341
183 342
183 343
183 344
198 324
198 323
198 322
198 321
198 320
198 319
198 318
198 317
198 316
198 315
198 314
198 313
198 312
198 311
198 310
198 309
198 308
198 307
198 306
198 305
198 304
198 303
198 302
198 301
198 300
198 299
198 298
198 297
198 296
198 325
211 341
210 341
209 341
208 341
207 341
206 341
205 341
204 341
203 341
202 341
201 341
200 341
199 341
198 341
212 341
212 342
211 343
210 344
209 345
208 346
207 347
206 348
205 349
204 350
204 351
204 352
204 353
204 354
204 355
204 356
203 357
202 358
201 359
200 359
199 359
198 359
197 359
196 359
195 359
194 359
193 359
192 360
191 361
190 362
189 362
188 362
187 362
186 362
185 362
184 362
183 362
182 362
181 362
214 342
215 343
216 344
217 345
218 346
219 347
220 347
221 347
222 347
223 347
229 333
230 334
231 335
232 336
233 337
234 338
235 339
236 340
237 341
238 342
238 343
238 344
238 345
238 346
238 347
239 347
240 347
241 347
242 347
243 347
244 347
245 347
246 347
247 347
248 347
249 347
250 347
251 347
252 347
229 318
230 319
231 320
232 321
233 322
234 323
235 324
236 325
237 326
238 327
239 328
240 329
241 330
242 331
243 332
257 302
257 303
256 304
255 305
254 306
253 307
252 308
251 309
250 310
249 311
248 312
247 313
246 314
245 315
244 316
243 317
258 303
258 304
258 305
258 306
258 307
258 308
258 309
258 310
258 311
258 312
258 313
258 314
258 315
258 316
258 317
273 288
273 289
273 290
273 291
273 292
273 293
273 294
273 295
273 296
273 297
273 298
273 299
273 300
273 301
273 302
274 303
275 304
276 305
277 306
278 307
279 308
280 309
281 310
282 311
283 312
284 313
285 314
285 315
285 316
284 317
283 317
282 317
281 317
280 317
279 317
278 317
277 317
276 317
275 317
274 317
273 317
272 318
271 319
270 320
269 321
268 322
267 323
266 324
265 325
264 326
263 327
262 328
261 329
260 330
259 331
258 332
274 318
275 319
276 320
277 321
278 322
279 323
280 324
281 325
281 326
281 327
281 328
281 329
281 330
281 331
280 332
279 332
278 332
277 332
276 332
275 332
274 332
273 332
272 333
271 334
270 335
269 336
268 337
267 338
267 339
267 340
267 341
267 342
267 343
267 344
267 345
267 346
267 347
266 348
265 349
264 350
264 351
264 352
264 353
264 354
264 355
264 356
264 357
264 358
264 359
264 360
264 361
263 362
262 362
261 362
260 362
259 362
258 362
257 362
256 362
255 362
254 362
253 362
252 362
251 362
250 362
249 362
248 362
247 362
246 362
245 362
244 362
243 362
242 362
241 362
240 362
239 362
238 362
237 363
236 364
235 365
234 366
233 366
232 366
231 366
230 366
229 366
228 366
227 366
226 366
225 366
224 366
223 366
222 366
264 362
274 333
275 334
276 335
277 336
278 337
279 338
280 339
281 340
282 341
282 342
282 343
282 344
282 345
282 346
282 347
281 348
280 349
280 350
280 351
280 352
280 353
280 354
280 355
280 356
280 357
280 358
280 359
280 360
280 361
280 362
286 315
287 314
288 313
288 312
288 311
288 310
288 309
288 308
288 307
288 306
288 305
288 304
288 303
288 302
289 301
290 300
291 299
292 298
293 297
294 296
295 295
296 294
297 294
298 294
299 294
300 294
301 294
302 294
303 294
286 317
287 317
288 317
289 317
290 317
291 317
292 317
293 317
294 317
295 317
296 317
297 317
298 317
299 317
300 317
300 318
300 319
300 320
300 321
300 322
300 323
300 324
300 325
300 326
300 327
300 328
300 329
300 330
300 331
300 332
301 333
302 334
302 335
302 336
302 337
302 338
302 339
302 340
302 341
302 342
302 343
302 344
302 345
302 346
302 347
274 287
275 287
276 287
277 287
278 287
279 287
280 287
281 287
282 287
283 287
284 287
285 287
286 287
287 287
288 287
266 258
266 257
267 259
268 260
269 261
270 262
271 263
272 264
273 265
274 266
275 267
276 268
277 269
278 270
279 271
280 272
267 255
268 254
269 253
270 252
271 251
272 250
273 249
274 248
275 247
276 246
277 245
278 244
279 243
280 242
296 265
297 266
298 267
299 268
300 269
301 270
302 271
303 272
303 273
303 274
303 275
303 276
303 277
303 278
303 279
311 263
312 264
313 265
314 266
315 267
316 268
317 269
318 270
318 271
318 272
318 273
318 274
318 275
318 276
318 277
319 261
320 260
321 259
322 258
323 257
324 256
325 255
325 254
325 253
325 252
325 251
325 250
325 249
325 248
325 247
325 246
325 245
325 244
325 243
325 242
325 241
325 240
325 239
325 238
325 237
325 236
325 235
325 234
325 233
326 247
327 247
328 247
329 247
330 247
331 247
332 247
333 247
334 247
335 247
336 247
337 247
338 247
339 247
340 246
340 245
340 244
340 243
340 242
340 241
340 240
340 239
340 238
340 237
340 236
340 235
340 234
340 233
340 232
339 231
338 230
337 229
336 228
335 227
334 226
333 225
332 224
331 223
330 222
329 221
328 220
327 219
326 218
325 218
324 217
323 216
322 215
322 214
322 213
322 212
322 211
322 210
322 209
322 208
322 207
322 206
322 205
322 204
322 203
340 247
341 247
342 247
343 247
344 247
345 247
346 247
347 247
348 247
349 246
350 245
351 244
352 243
353 242
354 241
355 240
355 239
355 238
355 237
355 236
355 235
355 234
355 233
333 269
333 268
333 267
333 266
333 265
333 264
333 263
334 269
335 268
336 267
337 266
338 265
339 264
340 263
341 262
342 262
343 262
344 262
345 262
346 262
347 262
348 262
333 271
333 272
333 273
333 274
333 275
333 276
333 277
333 278
332 279
331 280
330 281
330 282
330 283
330 284
330 285
330 286
330 287
330 288
330 289
330 290
330 291
329 292
328 292
327 292
326 292
325 292
324 292
323 292
322 292
321 292
320 292
319 292
318 292
330 292
330 293
330 294
330 295
330 296
330 297
330 298
330 299
330 300
330 301
330 302
330 303
330 304
330 305
330 306
330 307
334 279
335 280
336 281
337 282
338 283
339 284
340 285
341 286
342 287
343 288
344 289
345 290
345 291
345 292
345 293
334 271
335 272
336 273
337 274
338 275
339 276
340 277
341 277
342 277
343 277
344 277
345 277
346 277
347 277
348 277
349 277
349 278
350 277
351 277
352 277
353 277
354 277
355 277
356 277
357 277
358 277
359 277
360 277
361 276
362 275
363 274
363 273
363 272
363 271
363 270
363 269
363 268
363 267
363 266
363 265
363 264
363 263
363 262
363 261
363 260
363 259
363 258
363 257
363 256
363 255
363 254
363 253
363 252
363 251
363 250
363 249
363 248
364 263
365 263
366 263
367 263
368 263
369 263
370 263
371 263
372 263
373 263
374 263
375 263
376 262
377 261
378 260
378 259
378 258
378 257
378 256
378 255
378 254
378 253
378 252
378 251
378 250
378 249
378 248
378 247
378 246
378 245
378 244
378 243
378 242
378 241
378 240
378 239
378 238
378 237
378 236
379 250
380 249
381 248
382 247
383 246
384 246
385 246
386 246
387 246
388 246
389 246
390 246
391 246
392 246
393 246
394 245
395 244
396 243
397 242
398 241
399 240
400 239
401 238
402 237
403 236
404 235
404 234
404 233
404 232
403 231
402 231
401 231
400 231
399 231
398 231
397 231
396 231
395 231
394 230
393 231
394 231
395 229
396 228
396 227
396 226
396 225
396 224
396 223
396 222
396 221
396 220
396 219
395 218
394 217
393 216
392 216
391 216
390 216
389 216
388 216
387 216
386 216
385 216
384 215
383 214
382 213
381 212
380 211
379 210
378 209
377 208
376 207
375 206
374 206
373 206
372 206
371 206
370 206
369 205
368 204
367 203
366 203
365 203
364 203
363 203
362 203
361 203
360 203
359 203
358 203
357 203
356 203
355 203
354 204
353 205
352 206
351 207
350 208
349 209
348 210
347 211
346 212
345 213
344 214
343 215
342 216
341 217
340 217
339 216
338 215
337 214
337 213
337 212
337 211
337 210
337 209
337 208
337 207
337 206
337 205
337 204
337 203
337 202
369 207
368 208
367 209
366 210
365 211
364 212
363 213
362 214
361 215
360 216
359 217
358 218
357 218
356 218
355 218
384 217
383 218
382 219
381 220
380 221
379 221
378 221
377 221
376 221
375 221
374 221
373 221
372 221
371 221
370 221
405 233
406 234
407 235
408 236
408 237
408 238
408 239
408 240
408 241
408 242
408 243
408 244
408 245
408 246
409 247
410 248
411 249
412 250
413 251
413 252
413 253
413 254
413 255
413 256
413 257
413 258
413 259
413 260
412 261
411 261
410 261
409 261
408 261
407 261
406 261
405 261
412 262
411 263
410 264
410 265
410 266
410 267
410 268
410 269
410 270
410 271
410 272
410 273
410 274
410 275
410 276
409 277
408 278
407 279
406 280
405 281
404 281
403 281
402 281
401 281
400 281
399 281
398 281
397 281
396 281
395 281
394 282
393 283
392 284
391 285
390 286
389 287
388 288
387 289
386 290
385 291
384 292
383 293
382 293
381 293
380 293
379 294
378 295
377 296
376 297
375 298
374 299
373 300
372 301
371 302
370 303
369 304
368 305
367 306
366 307
365 307
364 308
363 308
362 308
361 308
360 308
359 308
358 308
357 308
356 308
355 308
354 308
353 308
352 308
351 308
350 308
365 308
365 309
365 310
365 311
365 312
365 313
365 314
365 315
365 316
365 317
365 318
365 319
365 320
365 321
365 322
364 323
363 323
362 323
361 323
360 323
359 323
358 323
357 323
356 323
355 323
354 323
353 323
352 323
351 323
350 323
349 322
348 322
347 322
346 322
345 322
344 322
343 322
342 322
341 322
340 322
339 322
338 322
337 322
336 322
335 322
349 324
348 325
347 326
346 327
345 328
344 329
343 330
342 331
341 332
340 333
339 334
338 335
337 336
336 337
335 337
334 336
333 335
332 334
331 333
330 332
329 331
328 330
327 329
326 328
325 327
324 326
323 325
322 324
321 324
320 324
319 323
318 322
317 321
316 320
315 319
315 318
315 317
315 316
315 315
315 314
315 313
315 312
315 311
315 310
315 309
334 338
333 339
332 339
331 339
330 339
329 339
328 339
327 339
326 339
325 339
324 339
323 339
322 339
321 339
320 339
350 324
350 325
350 326
350 327
350 328
350 329
350 330
350 331
350 332
350 333
350 334
350 335
350 336
350 337
350 338
365 323
365 324
365 325
365 326
365 327
365 328
365 329
365 330
365 331
365 332
365 333
365 334
365 335
365 336
365 337
366 323
367 324
368 325
369 326
370 327
371 328
372 329
373 330
374 331
375 332
376 333
377 334
378 335
379 336
380 335
380 334
380 333
380 332
380 331
380 330
380 329
380 328
380 327
380 326
380 325
380 324
380 323
380 336
380 337
380 294
380 295
380 296
380 297
380 298
380 299
380 300
380 301
380 302
380 303
380 304
380 305
380 306
380 307
380 308
381 309
382 310
383 311
384 311
385 311
386 311
387 311
388 311
389 311
390 311
391 311
392 311
393 311
394 311
395 311
395 312
395 313
395 314
395 315
395 316
395 317
395 318
395 319
395 320
395 321
395 322
395 323
395 324
395 325
395 326
396 310
397 309
398 308
399 307
400 306
401 306
402 306
403 306
404 306
405 306
406 306
407 305
406 304
405 303
404 302
403 301
402 300
401 299
400 298
399 297
398 296
397 296
396 296
395 296
407 306
408 306
410 277
410 278
410 279
410 280
410 281
410 282
410 283
410 284
410 285
410 286
410 287
410 288
410 289
410 290
410 291
413 261
376 264
377 265
378 266
379 266
380 266
381 266
382 266
383 266
384 266
385 266
386 266
387 266
388 266
389 266
390 266
361 278
362 278
363 278
364 278
365 278
366 278
367 278
368 278
369 278
370 278
371 278
372 278
373 278
374 278
375 278
350 279
351 280
352 281
353 282
354 283
355 284
356 285
357 286
358 287
359 288
360 289
360 290
360 291
360 292
833
20 209
21 325
23 182
26 359
49 358
50 183
53 148
53 391
60 234
60 253
60 285
60 307
64 358
65 183
79 358
80 183
87 160
91 221
91 252
91 267
91 282
91 310
94 361
95 184
102 202
104 144
106 159
106 221
106 256
106 271
106 310
106 427
107 109
109 361
110 183
115 286
117 124
119 139
120 342
121 154
121 220
121 257
121 310
122 105
124 407
125 183
130 272
130 287
132 375
132 390
136 251
136 310
143 107
143 122
145 266
145 281
148 202
151 228
151 310
151 349
152 186
152 364
152 379
152 394
153 325
155 243
156 146
156 161
157 420
158 107
158 122
158 435
160 258
160 273
160 288
168 313
173 107
173 122
173 421
175 256
175 271
175 286
180 221
181 236
181 362
183 142
183 157
183 181
183 206
183 301
183 316
183 344
188 107
188 122
188 421
190 251
190 266
190 281
195 221
196 236
198 159
198 197
198 296
198 311
198 326
198 341
203 107
203 122
203 421
205 251
205 266
205 281
210 212
211 227
213 159
213 197
213 296
213 311
213 326
213 341
218 107
218 122
218 421
220 242
220 257
220 272
225 212
226 227
228 159
228 197
228 287
228 302
228 317
228 332
233 107
233 122
233 422
235 242
235 257
235 272
238 347
238 362
240 212
240 383
240 398
241 227
243 159
243 197
243 287
243 302
243 317
243 332
248 107
248 122
248 422
250 242
250 257
250 272
255 212
256 227
258 159
258 197
258 287
258 302
258 317
258 332
261 181
263 107
263 122
263 422
265 242
265 257
265 272
267 347
270 212
270 383
270 398
271 227
273 158
273 197
273 287
273 302
273 317
273 332
274 143
278 107
278 122
278 422
280 242
280 257
280 272
280 362
286 56
288 287
288 302
293 71
293 476
293 491
295 234
295 249
295 264
300 86
300 139
300 154
300 169
300 184
300 199
300 214
300 317
300 332
301 49
301 111
303 279
303 294
303 420
305 451
308 64
308 476
308 491
310 232
310 247
310 262
315 142
315 309
316 112
318 277
318 292
318 420
320 324
320 339
322 166
322 181
322 203
325 218
325 233
325 248
330 142
330 307
331 112
331 394
332 363
332 483
333 56
333 263
333 278
333 418
335 322
335 337
335 498
336 39
337 166
337 181
337 202
338 71
339 468
340 217
340 232
340 247
345 143
345 293
346 112
347 362
347 483
348 54
348 262
348 277
348 418
350 308
350 323
350 338
350 498
351 36
352 167
352 182
353 69
353 84
353 377
353 392
354 456
355 203
355 218
355 233
360 292
361 113
362 361
362 471
363 51
363 248
363 263
363 419
365 307
365 322
365 337
365 486
365 501
367 168
367 183
368 66
370 206
370 221
372 396
374 144
375 278
376 114
377 359
378 236
378 251
378 411
378 426
380 293
380 308
380 323
382 175
385 216
389 143
390 190
390 266
391 114
392 354
393 231
393 246
393 420
393 481
394 58
395 281
395 296
395 311
395 435
395 450
396 73
396 88
404 143
405 180
405 195
405 261
406 103
407 344
408 477
408 492
409 50
410 276
410 291
410 422
410 437
411 65
414 210
420 328
421 107
422 343
423 225
425 422
425 437
427 312
429 197
429 240
430 143
430 394
431 295
432 122
432 158
432 255
432 379
433 173
433 270
433 358
435 327
436 107
437 342
438 212
440 420
440 435
444 193
446 296
447 122
447 243
448 268
451 107
452 339
455 420
455 435
459 193
460 224
460 311
461 296
462 122
462 239
463 254
463 269
466 107
467 339
469 177
470 354
470 420
470 435
471 143
472 399
474 192
475 224
475 311
476 295
477 122
477 239
478 268
481 107
482 339
484 176
485 354
485 420
485 435
486 142
487 399
489 191
490 224
490 310
492 122
492 239
493 267
496 107
497 339
499 176
500 354
500 421
500 436
501 142
502 400
504 191
505 224
505 301
505 316
507 122
507 239
507 282
508 262
511 107
512 339
515 421
515 436
519 194
520 224
520 297
520 320
522 122
522 241
523 270
526 107
527 339
530 421
530 436
534 194
535 296
537 122
537 241
538 270
539 209
539 224
539 311
541 107
541 354
541 388
542 159
542 326
545 421
545 436
549 190
550 285
552 122
552 239
552 254
553 269
556 107
560 430
571 107
573 197
574 348
575 275
575 290
575 305
575 320
575 430
576 212
576 227
576 242
576 257
578 150
578 165
578 378
578 393
580 122
581 180
581 363
581 408
586 103
588 195
589 335
590 272
590 287
590 302
590 317
590 423
590 438
591 210
591 225
591 240
591 255
593 137
593 152
593 378
593 393
595 118
596 167
596 350
596 408
605 270
605 306
606 203
606 234
608 387
611 154
611 341
620 268
620 306
621 202
621 234
622 135
623 383
623 398
626 150
626 165
626 343
626 413
638 385
641 156
641 400
87 143
135 342
368 81
368 376
515 354
103 342
181 382
255 383
408 246
514 176
134 167
162 213
442 227
515 369
640 139
113 236
136 225
282 347
411 80
102 390
107 325
124 359
442 311
196 382
405 365
552 300
552 341
88 377
132 203
489 369
468 369
553 205
91 325
403 125
627 368
166 345
302 347
408 459
443 403
134 146
596 182
164 176
173 435
180 397
188 435
203 435
218 435
357 434
366 36
395 326
489 205
504 205
553 220
604 429
71 137
134 325
211 382
166 228
284 435
166 360
450 354
556 385
337 377
597 365
625 283
312 79
378 480
390 369
557 159
628 187
252 347
304 126
162 198
537 255
303 369
49 330
91 234
165 375
233 435
248 435
254 398
263 435
282 182
332 125
474 205
602 326
40 382
164 399
380 337
38 158
49 207
514 404
602 107
378 53
183 329
193 359
225 383
303 435
352 513
443 373
605 284
303 397
168 142
285 207
348 125
422 54
119 167
356 148
625 320
522 255
442 142
443 388
478 253
552 315
369 459
443 281
574 333
62 200
62 338
313 49
404 402
453 205
514 384
408 306
137 359
363 125
463 281
527 156
137 184
21 340
129 428
163 330
86 401
281 400
312 92
512 144
98 291
415 150
455 160
492 279
393 465
119 325
127 120
353 404
313 458
625 249
72 324
330 292
360 277
223 347
34 325
67 152
67 392
119 439
192 397
196 143
233 181
245 181
258 143
264 362
281 383
333 429
378 125
455 143
455 384
455 399
467 158
490 321
519 205
602 218
602 249
282 222
353 98
354 21
491 295
500 369
522 282
128 233
547 373
282 162
526 386
103 373
422 69
547 172
581 135
530 353
628 353
31 175
34 215
72 214
193 180
416 498
441 178
554 354
163 301
115 422
73 339
140 428
207 143
220 143
232 143
321 368
442 157
460 321
475 321
477 280
489 157
489 384
500 159
512 159
623 217
306 382
375 263
544 137
35 340
184 191
641 411
285 316
604 439
579 444
404 232
68 407
72 198
165 157
204 181
204 356
244 142
318 429
466 384
477 158
477 382
500 384
100 130
535 281
73 268
222 366
317 481
377 35
340 83
544 406
633 201
41 352
55 158
376 505
447 254
537 339
115 271
282 142
409 171
117 385
292 41
414 195
625 298
633 234
633 271
431 407
72 229
72 244
84 340
167 186
221 181
250 362
281 331
299 96
416 477
523 401
646 384
319 61
409 374
520 305
629 172
56 268
332 508
377 374
14 194
104 169
406 114
423 210
523 141
268 174
335 399
413 261
64 290
165 384
602 192
35 200
56 400
318 262
348 247
602 122
372 431
136 292
147 213
388 125
391 99
396 219
552 326
22 215
195 206
379 65
