2927
279 203
279 204
279 205
279 206
279 207
278 208
277 209
278 209
279 209
280 209
281 209
282 209
283 210
284 211
285 212
286 213
287 214
288 215
287 216
286 217
285 218
284 219
283 220
282 221
281 222
280 223
279 224
278 225
277 226
276 227
275 228
274 228
273 228
272 228
271 228
270 227
269 226
268 225
267 224
266 223
265 222
264 221
263 220
262 219
261 218
260 217
259 216
258 215
257 214
257 213
257 212
257 211
257 210
257 209
257 208
257 207
258 216
258 217
258 218
258 219
258 220
258 221
258 222
258 223
258 224
258 225
258 226
258 227
258 228
258 229
257 230
256 231
255 232
254 233
253 233
252 233
251 233
250 233
249 233
248 233
247 233
246 233
245 233
244 233
243 233
242 233
241 234
240 235
239 236
238 237
237 238
236 237
236 236
236 235
236 234
236 233
236 232
236 231
236 230
236 229
235 228
234 227
233 226
233 225
233 224
233 223
233 222
233 221
233 220
233 219
233 218
233 217
233 216
233 215
233 214
233 213
233 212
233 211
233 210
233 209
233 208
233 207
233 206
232 205
231 205
230 205
229 205
228 205
227 205
226 205
225 204
224 203
223 202
222 201
221 201
220 201
219 201
218 201
217 201
216 201
215 201
214 201
213 201
212 201
211 201
210 201
209 201
208 201
207 201
206 201
205 201
204 201
203 201
202 201
201 201
200 201
199 201
198 201
197 201
196 201
195 201
194 201
193 201
192 201
191 200
190 199
189 198
188 198
187 198
186 198
185 198
184 198
183 198
182 198
181 198
180 198
179 198
178 198
177 198
176 198
175 198
174 198
173 198
174 199
175 200
176 201
177 202
178 203
179 204
180 205
181 206
182 207
183 208
183 209
183 210
183 211
183 212
183 213
183 214
183 215
183 216
183 217
183 218
183 219
182 220
181 221
180 222
179 223
178 224
177 225
176 226
175 227
174 228
173 229
172 230
171 231
170 232
169 233
169 234
168 235
167 234
166 233
165 232
164 231
163 230
162 229
162 228
162 227
162 226
162 225
162 224
162 223
162 222
162 221
161 220
160 220
159 220
158 220
157 220
156 220
155 220
154 220
153 220
152 220
151 220
150 220
149 220
148 220
147 220
146 220
145 220
144 219
143 220
142 219
141 219
140 219
139 219
138 219
137 219
136 219
135 219
134 219
133 219
132 219
131 219
130 219
129 219
128 219
127 219
126 219
125 219
124 220
123 221
122 222
121 222
120 222
119 222
118 222
117 222
116 222
115 222
114 222
113 222
112 222
111 222
110 221
109 220
108 220
107 220
106 220
105 220
104 220
103 220
102 220
101 220
100 220
99 220
98 220
97 220
96 220
95 220
94 220
93 220
92 220
91 219
90 218
89 217
88 217
87 217
86 217
85 217
84 217
83 217
82 217
81 217
80 217
79 217
78 217
77 217
76 217
75 217
74 216
73 215
72 214
71 213
70 212
69 211
68 210
67 209
66 208
65 207
65 206
65 205
65 204
65 203
66 202
67 201
68 200
69 199
70 198
71 197
72 196
73 195
74 194
75 193
76 192
77 191
78 190
79 189
80 188
80 187
79 186
78 185
77 184
76 183
75 182
74 182
73 182
72 182
71 182
70 182
69 182
68 182
67 182
66 182
65 182
64 182
63 181
62 180
61 179
60 178
59 177
58 176
57 175
56 174
55 173
54 172
53 171
52 170
51 169
50 169
49 169
48 168
47 167
46 166
45 165
44 164
43 163
42 162
41 161
40 160
39 159
38 158
37 157
37 156
37 155
37 154
36 153
35 154
34 155
33 156
32 157
31 158
30 159
30 160
30 161
30 162
30 163
30 164
30 165
30 166
30 167
30 168
30 169
30 170
30 171
30 172
30 173
31 174
32 175
33 176
34 177
35 178
36 179
37 180
38 181
39 182
40 183
41 184
42 185
43 186
43 187
43 188
43 189
43 190
43 191
42 192
41 193
40 193
39 193
38 193
37 193
36 193
35 193
34 193
33 193
32 193
31 193
30 193
29 193
28 194
28 195
28 196
28 197
28 198
28 199
28 200
28 201
28 202
28 203
28 204
28 205
29 206
30 207
31 208
32 209
33 210
34 211
35 212
36 213
37 214
38 215
39 216
40 216
41 216
42 216
42 217
41 218
40 219
39 220
38 221
37 222
36 223
35 224
34 225
33 226
32 227
31 228
30 228
29 228
30 229
31 230
32 231
33 232
34 233
35 234
36 235
37 236
38 237
39 237
40 237
41 237
42 237
43 237
43 216
37 152
36 151
35 150
34 149
33 148
32 147
31 146
30 145
30 144
37 153
38 151
39 150
40 149
41 148
42 147
43 146
44 145
45 144
46 143
47 142
48 141
49 140
50 139
51 139
52 139
53 138
52 137
51 136
50 135
50 134
50 133
50 132
50 131
50 130
50 129
50 128
50 127
50 126
50 125
50 124
50 123
50 122
50 121
50 120
50 119
49 118
48 117
47 116
46 115
45 114
44 113
43 112
42 111
41 110
40 110
39 109
38 110
37 109
36 108
35 107
34 106
33 105
32 104
31 103
30 102
29 101
28 100
27 99
26 98
27 97
28 96
29 95
30 94
31 93
31 92
31 91
31 90
31 89
31 88
31 87
31 86
31 85
31 84
31 83
32 82
33 81
34 80
35 79
36 78
37 77
38 77
39 77
40 77
41 77
42 77
43 77
44 77
45 77
46 77
47 76
46 75
45 74
45 73
45 72
45 71
45 70
45 69
45 68
45 67
45 66
45 65
45 64
45 63
44 62
43 62
42 62
41 62
40 62
39 62
38 62
37 62
36 62
35 62
34 62
33 62
32 62
31 62
45 62
47 77
48 77
49 76
50 75
51 74
52 73
53 72
54 71
55 70
56 69
57 68
58 67
59 67
60 67
61 67
62 67
63 66
64 65
65 64
66 63
67 62
68 61
69 60
70 60
71 60
72 60
73 60
74 60
75 60
76 60
77 60
78 60
79 60
80 60
81 60
49 78
50 79
51 80
52 81
53 82
54 83
55 84
56 85
57 85
58 85
59 85
60 85
61 85
62 85
63 85
64 85
65 85
66 85
67 84
68 83
69 82
70 82
71 82
72 82
73 82
74 82
75 82
76 82
77 82
78 82
79 82
80 82
81 82
82 82
83 82
84 81
85 80
86 79
87 78
88 77
89 76
90 75
91 74
92 73
93 72
94 71
95 70
96 69
97 68
98 67
99 66
100 65
101 64
102 63
102 62
102 61
103 62
104 63
105 63
106 63
107 63
108 63
109 63
110 63
111 63
112 63
113 63
114 63
115 63
116 63
117 63
118 63
119 63
120 63
121 63
122 63
122 64
121 65
120 66
119 67
118 68
117 69
116 70
115 71
114 72
113 73
112 74
111 75
110 76
109 77
108 78
107 79
106 80
105 81
105 82
105 83
105 84
106 85
107 86
108 86
109 86
110 86
111 86
112 86
113 86
114 86
115 86
116 86
117 86
118 86
119 86
120 86
121 86
123 63
37 111
36 112
35 113
34 114
33 115
32 116
31 117
30 118
30 119
30 120
30 121
30 122
30 123
39 110
40 108
41 107
42 106
43 105
44 104
45 104
46 104
47 104
48 104
49 104
50 104
51 104
52 104
53 139
54 139
81 188
82 189
83 190
84 191
85 192
86 193
86 194
86 195
86 196
86 197
87 196
88 195
89 194
90 193
91 192
92 191
93 190
94 189
95 188
96 187
97 186
98 185
99 184
100 183
101 182
102 181
87 198
88 199
89 199
90 199
91 199
92 199
93 199
94 199
95 199
96 199
97 199
98 199
99 199
100 199
101 199
102 199
103 199
104 199
105 198
106 197
107 196
108 195
109 194
110 193
111 192
112 192
113 192
114 192
115 192
116 192
117 192
118 192
119 192
120 192
74 218
73 219
72 220
71 221
70 222
69 223
68 224
67 225
66 226
65 227
64 228
63 229
62 230
62 231
62 232
63 233
64 234
65 235
66 236
67 237
68 238
69 239
70 240
71 240
72 240
73 240
110 223
109 224
108 225
107 226
106 227
105 228
104 229
103 230
102 231
101 232
100 233
99 234
98 235
97 236
97 237
97 238
97 239
97 240
97 241
98 242
99 243
100 243
101 243
102 243
103 243
104 243
105 243
106 243
107 243
108 243
109 243
110 243
111 243
144 220
145 218
146 217
147 216
148 215
149 214
150 213
150 212
150 211
150 210
150 209
150 208
150 207
150 206
150 205
150 204
150 203
150 202
150 201
150 200
150 199
150 198
149 197
148 196
147 195
146 195
145 195
144 195
143 195
169 235
169 236
168 237
168 238
168 239
168 240
168 241
168 242
168 243
168 244
168 245
168 246
168 247
167 248
166 247
165 246
164 246
163 246
162 246
161 246
160 246
159 246
158 246
157 246
156 246
155 246
154 246
153 246
152 246
151 246
150 246
149 246
148 246
147 245
146 244
145 243
144 243
143 243
142 243
141 243
140 243
139 243
138 243
137 243
136 243
135 243
134 243
133 243
168 248
168 249
205 202
206 203
207 204
208 205
209 206
210 207
211 208
212 209
212 210
212 211
212 212
212 213
212 214
212 215
212 216
212 217
212 218
212 219
212 220
212 221
212 222
211 223
210 224
209 225
208 226
207 227
206 228
205 229
204 230
203 231
202 232
201 233
200 234
199 235
198 236
197 237
196 238
195 239
194 240
193 240
192 240
191 240
192 241
193 242
194 243
195 244
196 245
197 246
198 247
199 248
200 249
201 250
202 251
233 205
236 238
236 239
235 240
234 241
233 242
232 243
231 244
230 245
229 246
228 247
227 248
226 249
225 250
224 251
224 252
288 216
289 216
290 215
291 214
292 213
293 212
294 211
295 211
296 211
297 211
298 211
299 211
300 211
301 211
302 211
303 211
304 210
304 209
304 208
304 207
304 206
304 205
304 204
304 203
304 202
304 201
304 200
304 199
304 198
304 197
304 196
304 195
304 194
304 193
304 192
305 193
306 194
307 195
308 196
309 197
310 198
311 199
312 200
313 201
314 202
315 202
316 202
317 202
318 202
319 202
320 202
321 202
322 202
323 202
324 202
325 202
326 201
327 200
328 199
329 198
330 197
331 196
332 195
333 194
334 193
335 193
336 192
335 191
334 190
333 189
332 188
331 187
330 186
329 185
328 184
327 183
327 182
327 181
327 180
327 179
327 178
327 177
327 176
327 175
327 174
327 173
336 193
337 193
338 192
339 191
340 190
341 189
342 188
343 188
344 188
345 188
346 188
347 188
348 187
348 186
348 185
348 184
348 183
348 182
348 181
348 180
348 179
348 178
348 177
348 176
348 175
348 174
348 173
348 172
347 171
346 170
345 169
344 168
343 167
342 166
341 165
340 164
339 163
338 162
337 161
336 160
335 159
334 158
333 157
332 156
331 155
330 154
329 153
328 152
328 151
328 150
328 149
328 148
328 147
328 146
328 145
328 144
328 143
328 142
328 141
328 140
328 139
328 138
328 137
328 136
328 135
328 134
328 133
328 132
328 131
329 130
330 129
331 128
331 127
331 126
331 125
331 124
331 123
331 122
331 121
331 120
331 119
331 118
331 117
331 116
330 115
329 114
328 113
327 112
326 111
325 110
324 109
323 108
322 108
321 108
320 108
319 108
318 108
317 108
316 108
315 108
314 108
313 108
312 108
311 108
310 107
309 106
308 105
307 104
306 103
305 102
304 101
303 100
302 99
302 98
302 97
302 96
302 95
301 94
300 95
299 96
298 97
297 98
296 99
295 100
294 101
293 102
292 103
291 104
290 105
289 106
288 107
302 93
301 92
300 91
299 90
298 89
297 88
296 87
295 86
294 85
293 85
292 85
291 85
290 85
289 85
288 85
287 85
286 86
285 87
284 88
283 88
282 88
281 88
280 88
279 88
278 88
277 88
276 88
275 88
274 88
273 88
272 88
271 88
270 88
269 88
268 88
267 89
266 90
265 91
264 92
263 93
262 94
262 95
262 96
262 97
262 98
262 99
262 100
262 101
262 102
261 103
260 102
259 101
258 100
257 99
256 98
255 97
254 96
253 95
252 94
251 93
250 92
249 91
248 90
247 89
247 88
247 87
246 86
245 85
244 84
243 84
242 84
241 84
240 84
239 84
238 84
237 84
236 84
235 84
234 84
233 84
232 84
231 84
230 84
229 84
228 85
227 86
226 87
225 88
224 89
223 90
223 91
223 92
223 93
223 94
223 95
223 96
223 97
223 98
222 99
221 98
220 97
219 96
218 95
217 94
216 93
215 92
214 91
213 90
212 89
211 88
210 87
209 86
208 85
208 84
207 83
206 84
205 85
204 86
204 87
204 88
204 89
204 90
204 91
204 92
204 93
204 94
204 95
204 96
204 97
204 98
204 99
204 100
208 82
207 81
206 80
205 79
204 79
203 79
202 79
201 79
200 79
199 79
198 79
197 79
196 79
195 79
194 79
193 79
192 79
191 79
190 78
189 78
188 78
187 78
186 78
185 78
184 78
183 78
182 78
181 78
180 78
179 78
178 78
177 78
176 78
175 78
174 78
173 77
172 76
171 76
170 76
169 76
168 76
167 76
166 76
165 76
164 76
163 76
162 76
161 76
160 76
159 75
158 75
157 75
156 75
155 75
154 75
153 75
152 75
151 75
150 75
149 75
148 75
147 75
146 75
145 75
159 77
158 78
157 79
156 80
155 81
154 82
153 83
152 84
151 85
150 86
149 87
148 88
147 89
146 90
145 91
144 92
143 92
190 80
189 81
188 82
187 83
186 84
185 85
184 86
184 87
184 88
184 89
184 90
184 91
184 92
184 93
184 94
184 95
183 96
182 96
181 96
180 96
179 96
178 96
177 96
176 96
175 96
174 96
173 96
172 96
184 96
208 83
223 99
223 100
260 104
259 104
258 104
257 104
256 104
255 104
254 104
253 104
252 104
251 104
250 104
249 104
248 104
247 104
246 104
245 104
261 104
262 103
262 104
302 94
310 109
309 110
308 111
307 112
306 113
305 113
304 113
305 114
305 115
305 116
305 117
305 118
305 119
305 120
305 121
305 122
305 123
305 124
305 125
305 126
305 127
305 128
305 129
305 130
305 131
305 132
305 133
305 134
305 135
305 136
305 137
305 138
305 139
305 140
305 141
305 142
305 143
305 144
305 145
305 146
305 147
305 148
304 149
303 150
303 151
303 152
303 153
303 154
303 155
303 156
304 157
305 158
305 159
305 160
305 161
305 162
305 163
305 164
305 165
305 166
305 167
305 168
305 169
332 115
332 114
332 113
332 112
332 111
332 110
332 109
332 108
332 107
332 106
332 105
332 104
332 103
332 102
332 101
332 100
332 99
332 98
332 97
332 96
332 95
333 96
334 97
335 98
336 99
337 99
338 99
339 99
340 99
341 99
342 99
343 99
344 99
345 99
346 99
347 99
348 99
349 99
350 99
351 99
352 99
353 100
353 101
353 102
353 103
353 104
353 105
353 106
353 107
353 108
353 109
353 110
353 111
353 112
353 113
353 114
353 115
353 116
353 117
353 118
353 119
349 171
350 170
351 169
351 168
351 167
351 166
351 165
351 164
351 163
351 162
351 161
351 160
351 159
351 158
351 157
351 156
351 155
351 154
351 153
351 152
351 151
350 150
349 149
349 148
349 147
349 146
349 145
349 144
349 143
349 142
348 188
338 194
339 195
340 196
341 197
342 198
343 199
344 200
345 201
346 202
346 203
346 204
346 205
346 206
346 207
346 208
346 209
346 210
346 211
290 217
291 218
292 219
293 220
294 221
295 222
296 223
297 224
298 225
299 226
300 227
301 228
302 229
302 230
301 231
300 232
299 233
298 234
297 235
296 236
295 237
294 238
293 239
292 239
291 239
290 239
291 240
292 241
293 242
294 243
295 244
296 245
297 246
298 247
299 248
300 249
301 250
302 251
301 252
300 253
299 254
298 255
297 256
296 256
295 256
294 256
293 256
292 256
291 256
290 256
289 256
288 256
287 257
286 258
286 259
286 260
286 261
286 262
286 263
285 264
284 263
283 262
282 261
281 260
280 259
279 258
278 257
277 256
276 255
275 255
274 255
273 255
272 255
271 255
270 255
269 255
268 256
267 257
266 257
265 257
264 257
263 257
262 257
261 257
260 257
259 257
258 257
257 257
256 257
255 257
254 258
253 259
252 259
251 259
250 259
249 259
248 259
247 259
246 259
245 259
244 259
286 264
286 265
303 231
304 232
305 233
306 234
307 235
308 236
309 237
310 238
311 239
312 240
313 241
314 242
315 243
316 244
317 245
318 246
319 247
320 248
321 248
322 248
323 247
324 246
325 245
326 244
327 243
328 242
329 241
330 241
331 240
330 239
329 238
328 237
327 236
326 235
325 234
325 233
325 232
325 231
325 230
325 229
325 228
325 227
325 226
325 225
325 224
325 223
331 241
332 241
333 240
334 239
335 238
336 237
337 236
338 235
339 234
340 233
341 232
342 232
343 232
344 232
345 232
333 242
334 243
335 244
336 245
337 246
338 247
339 248
340 249
341 250
342 251
343 252
344 253
345 254
346 255
347 255
348 255
349 255
350 255
351 255
352 255
353 255
354 255
355 255
356 255
357 255
358 255
359 255
360 255
361 255
362 255
363 254
364 253
365 252
366 251
367 250
368 249
369 248
370 247
371 246
372 245
373 244
373 243
363 256
364 257
365 258
366 259
367 260
368 261
369 262
370 263
371 263
372 263
373 263
374 263
375 263
376 263
377 263
378 262
379 261
380 260
381 259
382 258
383 257
384 256
385 255
386 254
387 253
388 252
389 251
390 250
391 249
392 248
393 247
394 246
394 245
394 244
378 264
379 265
380 266
381 266
382 266
383 266
384 266
385 266
386 266
387 266
388 266
389 266
390 266
391 266
392 266
393 267
394 268
395 268
396 268
397 268
398 268
399 268
400 268
401 268
402 268
403 268
404 268
405 268
406 268
407 268
408 267
409 266
410 265
411 264
412 263
413 262
414 261
415 260
416 259
416 258
416 257
416 256
416 255
416 254
416 253
416 252
416 251
416 250
416 249
416 248
416 247
417 248
418 248
419 248
420 248
421 248
422 248
423 248
424 248
425 248
426 248
427 248
428 248
429 248
430 248
431 248
432 248
433 248
434 248
435 248
436 249
437 250
438 251
439 252
440 253
441 254
442 255
443 256
444 257
445 258
446 259
447 260
448 260
449 260
450 260
451 260
452 260
453 259
454 258
455 257
456 256
457 255
458 254
459 253
460 252
461 251
462 250
463 249
464 248
465 247
466 246
467 245
468 245
469 245
470 245
471 245
472 245
473 245
474 245
475 245
476 245
477 245
478 245
479 245
480 245
481 245
482 245
483 245
484 245
485 245
486 245
487 246
488 247
489 248
490 249
491 249
492 249
493 249
494 249
495 249
496 249
497 249
498 249
498 250
497 251
496 252
495 253
494 254
493 255
492 256
491 257
490 258
490 259
490 260
490 261
490 262
490 263
490 264
490 265
490 266
489 267
488 268
488 269
488 270
488 271
488 272
488 273
488 274
488 275
488 276
488 277
488 278
488 279
488 280
488 281
488 282
488 283
499 249
500 248
501 247
502 246
503 245
504 244
505 244
506 244
507 244
508 244
509 244
510 244
511 243
510 242
509 241
508 240
507 239
506 238
505 237
504 236
503 235
502 234
501 233
500 232
500 231
500 230
500 229
500 228
501 227
502 226
503 225
504 224
505 223
506 222
507 221
508 220
509 219
510 218
511 217
512 216
513 215
514 214
515 213
515 212
515 211
515 210
515 209
515 208
515 207
515 206
515 205
515 204
516 203
517 202
518 201
519 200
519 199
519 198
519 197
519 196
519 195
519 194
519 193
519 192
519 191
519 190
519 189
519 188
519 187
520 186
521 185
522 184
523 183
524 182
525 181
526 180
527 179
528 178
529 177
530 176
531 175
532 174
533 173
532 172
531 171
530 170
529 169
528 168
527 167
526 166
525 165
524 164
523 163
522 162
521 161
521 160
521 159
521 158
521 157
521 156
521 155
521 154
521 153
521 152
521 151
521 150
521 149
521 148
521 147
521 146
521 145
521 144
521 143
521 142
521 141
521 140
521 139
521 138
521 137
521 136
520 135
519 134
518 133
517 132
516 131
515 130
514 129
513 128
512 127
511 126
510 125
510 124
510 123
510 122
510 121
510 120
510 119
510 118
509 117
508 116
507 115
506 114
505 113
504 112
503 111
502 110
501 109
500 108
499 107
498 106
497 106
496 106
495 106
494 106
493 106
492 106
491 106
490 106
511 244
512 244
513 245
514 246
515 247
516 248
517 249
518 250
519 251
520 252
521 253
522 254
523 255
523 256
523 257
523 258
523 259
523 260
523 261
523 262
522 263
521 264
520 265
519 266
518 267
517 268
516 269
515 270
514 271
514 272
514 273
514 274
514 275
514 276
514 277
514 278
514 279
514 280
514 281
514 282
514 283
514 284
515 285
516 286
517 287
518 288
519 288
520 288
521 288
522 288
523 288
408 269
409 270
410 271
411 271
412 271
413 271
414 271
415 271
416 271
417 271
418 271
419 271
420 271
421 271
422 271
423 271
424 271
425 271
426 271
427 271
428 271
429 271
323 249
324 250
325 251
326 252
327 253
328 254
329 254
330 254
330 255
330 256
330 257
330 258
330 259
330 260
330 261
330 262
330 263
330 264
330 265
330 266
330 267
329 268
328 269
327 270
326 271
325 272
324 273
323 274
322 275
322 276
322 277
322 278
322 279
322 280
322 281
322 282
322 283
322 284
322 285
321 286
320 285
319 284
318 283
317 282
316 281
315 280
314 279
313 278
312 277
311 276
310 275
309 274
308 273
307 274
306 275
305 276
304 277
303 278
302 279
301 280
300 281
299 282
298 283
297 284
296 285
295 286
294 287
293 288
292 288
291 288
290 288
289 288
288 288
287 289
286 290
285 291
284 291
283 291
282 291
281 291
280 291
279 291
278 291
277 291
276 291
275 290
274 289
273 288
272 287
271 286
270 285
269 284
268 284
267 284
266 284
265 284
264 284
263 284
262 283
261 283
260 283
259 283
258 283
257 283
256 283
255 283
254 283
253 283
252 283
251 283
250 283
249 283
248 283
247 283
246 283
275 292
274 293
273 294
272 295
271 296
270 297
269 298
268 299
267 300
266 301
265 302
264 302
263 302
262 302
261 303
260 304
259 304
258 304
257 304
256 304
255 304
254 304
253 304
252 304
253 305
254 306
255 307
256 308
256 309
256 310
256 311
256 312
256 313
256 314
256 315
256 316
256 317
256 318
256 319
255 320
254 321
253 322
252 323
251 324
250 325
249 326
248 327
247 327
246 327
245 326
244 326
243 326
242 326
241 326
240 326
239 326
238 326
237 326
236 326
235 326
234 326
233 326
232 326
231 326
230 326
229 326
228 326
227 326
226 326
225 326
224 325
223 324
222 323
221 322
220 321
219 320
218 320
217 320
216 320
215 320
214 320
213 320
212 320
211 320
210 320
209 320
208 320
207 320
206 320
205 320
204 320
203 320
202 320
201 320
200 321
199 321
198 321
197 321
196 321
195 321
194 320
193 319
192 318
191 317
190 316
189 315
188 314
187 313
186 313
185 313
184 313
183 313
182 313
181 313
180 313
179 313
178 313
177 313
176 313
194 322
193 323
192 324
191 325
190 326
189 327
188 328
187 329
186 330
185 331
184 332
183 333
182 334
181 334
180 334
179 334
178 334
177 334
176 334
175 334
174 334
173 335
172 336
172 337
172 338
172 339
172 340
172 341
172 342
195 322
195 323
195 324
195 325
195 326
195 327
195 328
195 329
195 330
195 331
195 332
195 333
195 334
195 335
195 336
195 337
195 338
195 339
195 340
195 341
195 342
224 327
223 328
222 329
221 330
221 331
221 332
221 333
221 334
221 335
221 336
221 337
221 338
221 339
221 340
221 341
221 342
221 343
221 344
221 345
221 346
221 347
222 348
223 349
224 350
225 351
226 352
227 353
228 353
229 353
230 353
247 328
248 329
249 330
250 331
251 332
252 333
253 334
253 335
253 336
253 337
253 338
253 339
253 340
252 341
252 342
252 343
252 344
252 345
252 346
252 347
252 348
252 349
252 350
252 351
252 352
252 353
252 354
252 355
252 356
252 357
252 358
252 359
252 360
252 361
257 320
258 321
259 322
260 323
261 324
262 325
263 326
264 327
265 328
266 329
267 330
268 330
269 331
270 331
271 331
272 331
273 331
274 331
275 331
276 331
277 331
278 331
279 331
280 331
281 331
282 331
283 331
284 331
285 331
286 331
287 331
288 331
289 331
290 331
291 331
292 331
293 331
294 331
295 331
296 331
297 331
298 331
299 331
300 332
301 333
302 334
303 335
304 336
305 337
306 338
307 338
308 338
309 338
310 338
311 338
312 338
313 338
314 338
315 338
316 337
317 336
318 335
319 334
319 333
319 332
319 331
319 330
319 329
319 328
319 327
319 326
319 325
319 324
319 323
319 322
319 321
319 320
319 319
316 339
317 340
318 341
318 342
318 343
318 344
318 345
318 346
318 347
318 348
318 349
317 350
316 351
315 352
314 353
313 354
312 355
311 356
310 357
309 358
308 359
307 360
306 361
305 361
304 360
303 359
302 358
301 357
300 356
299 355
298 354
297 353
296 352
295 351
294 350
293 349
292 350
291 351
290 352
289 353
288 354
287 355
286 356
285 357
284 358
283 359
282 360
282 361
282 362
282 363
281 364
280 363
279 362
278 361
277 360
276 359
275 358
275 357
275 356
275 355
275 354
275 353
275 352
275 351
275 350
275 349
282 364
282 365
306 362
307 363
308 364
309 365
310 366
311 367
312 368
313 369
314 370
315 370
316 370
263 303
264 304
265 305
266 306
267 307
268 308
269 309
270 310
271 311
272 312
273 313
274 314
275 313
276 312
277 311
278 310
279 309
280 309
281 309
282 309
283 309
284 309
285 309
286 309
287 309
289 289
290 290
291 291
292 292
293 293
294 294
295 294
296 294
297 294
298 294
299 294
300 294
322 286
322 287
323 288
324 289
325 290
325 291
325 292
325 293
325 294
325 295
325 296
325 297
325 298
331 254
187
29 228
30 123
31 62
31 83
62 232
65 203
92 220
97 241
104 199
125 219
133 243
143 195
162 221
173 198
174 78
174 334
183 219
191 240
195 321
195 342
204 201
208 82
212 222
221 347
225 326
233 205
233 226
246 327
247 87
252 304
288 256
303 156
306 362
315 338
322 248
322 287
325 223
327 173
328 151
331 116
348 172
349 142
352 99
452 260
486 245
490 266
514 284
429 271
145 75
346 211
255 257
407 268
288 107
223 100
353 119
224 252
28 205
105 84
30 144
510 118
184 96
81 188
319 319
275 228
304 192
377 263
332 95
287 309
268 88
500 228
257 207
533 173
120 192
254 233
345 232
30 173
66 85
143 92
176 313
277 209
337 193
521 136
283 331
143 220
148 246
305 128
253 340
302 93
202 251
83 82
262 104
488 283
111 243
121 86
302 230
43 191
263 284
246 283
308 273
229 84
416 247
305 169
316 370
38 110
252 361
81 60
204 100
64 182
288 288
73 240
325 202
111 222
102 61
499 249
331 254
373 243
169 236
523 262
230 353
275 349
394 244
289 216
43 216
52 104
45 62
325 298
282 365
245 104
123 63
54 139
287 85
328 131
191 79
523 288
303 211
512 244
351 151
49 169
75 217
189 198
311 108
344 253
50 119
435 248
519 187
256 319
392 266
204 230
168 249
172 96
300 294
318 349
276 291
62 67
222 201
348 188
302 251
150 198
290 239
26 98
160 76
330 267
172 342
515 204
29 193
286 265
269 255
274 314
362 255
268 330
305 148
37 152
102 181
244 259
43 237
236 239
490 106
332 241
48 77
30 165
86 197
258 215
299 331
201 320
304 113
262 302
293 349
